[0.052s] Invoking command in '/home/bob/exo_ws/build/exo_urdf': CMAKE_PREFIX_PATH=${CMAKE_PREFIX_PATH}:/opt/ros/humble /usr/bin/cmake --build /home/bob/exo_ws/build/exo_urdf -- -j8 -l8
[0.214s] Invoked command in '/home/bob/exo_ws/build/exo_urdf' returned '0': CMAKE_PREFIX_PATH=${CMAKE_PREFIX_PATH}:/opt/ros/humble /usr/bin/cmake --build /home/bob/exo_ws/build/exo_urdf -- -j8 -l8
[0.251s] Invoking command in '/home/bob/exo_ws/build/exo_urdf': CMAKE_PREFIX_PATH=${CMAKE_PREFIX_PATH}:/opt/ros/humble /usr/bin/cmake --install /home/bob/exo_ws/build/exo_urdf
[0.295s] -- Install configuration: ""
[0.297s] -- Execute custom install script
[0.299s] -- Up-to-date symlink: /home/bob/exo_ws/install/exo_urdf/share/exo_urdf/urdf/exo.urdf
[0.300s] -- Up-to-date symlink: /home/bob/exo_ws/install/exo_urdf/share/exo_urdf/urdf/exo.urdfdir
[0.301s] -- Up-to-date symlink: /home/bob/exo_ws/install/exo_urdf/share/exo_urdf/urdf/exo.xacro
[0.302s] -- Up-to-date symlink: /home/bob/exo_ws/install/exo_urdf/share/exo_urdf/launch/display.launch.py
[0.302s] -- Up-to-date symlink: /home/bob/exo_ws/install/exo_urdf/share/exo_urdf/launch/test.launch.py
[0.304s] -- Up-to-date symlink: /home/bob/exo_ws/install/exo_urdf/share/exo_urdf/rviz/urdf.rviz
[0.305s] -- Up-to-date symlink: /home/bob/exo_ws/install/exo_urdf/share/ament_index/resource_index/package_run_dependencies/exo_urdf
[0.306s] -- Up-to-date symlink: /home/bob/exo_ws/install/exo_urdf/share/ament_index/resource_index/parent_prefix_path/exo_urdf
[0.307s] -- Up-to-date symlink: /home/bob/exo_ws/install/exo_urdf/share/exo_urdf/environment/ament_prefix_path.sh
[0.309s] -- Up-to-date symlink: /home/bob/exo_ws/install/exo_urdf/share/exo_urdf/environment/ament_prefix_path.dsv
[0.310s] -- Up-to-date symlink: /home/bob/exo_ws/install/exo_urdf/share/exo_urdf/environment/path.sh
[0.310s] -- Up-to-date symlink: /home/bob/exo_ws/install/exo_urdf/share/exo_urdf/environment/path.dsv
[0.311s] -- Up-to-date symlink: /home/bob/exo_ws/install/exo_urdf/share/exo_urdf/local_setup.bash
[0.312s] -- Up-to-date symlink: /home/bob/exo_ws/install/exo_urdf/share/exo_urdf/local_setup.sh
[0.313s] -- Up-to-date symlink: /home/bob/exo_ws/install/exo_urdf/share/exo_urdf/local_setup.zsh
[0.314s] -- Up-to-date symlink: /home/bob/exo_ws/install/exo_urdf/share/exo_urdf/local_setup.dsv
[0.315s] -- Symlinking: /home/bob/exo_ws/install/exo_urdf/share/exo_urdf/package.dsv
[0.356s] -- Up-to-date symlink: /home/bob/exo_ws/install/exo_urdf/share/ament_index/resource_index/packages/exo_urdf
[0.356s] -- Up-to-date symlink: /home/bob/exo_ws/install/exo_urdf/share/exo_urdf/cmake/exo_urdfConfig.cmake
[0.357s] -- Up-to-date symlink: /home/bob/exo_ws/install/exo_urdf/share/exo_urdf/cmake/exo_urdfConfig-version.cmake
[0.358s] -- Up-to-date symlink: /home/bob/exo_ws/install/exo_urdf/share/exo_urdf/package.xml
[0.364s] Invoked command in '/home/bob/exo_ws/build/exo_urdf' returned '0': CMAKE_PREFIX_PATH=${CMAKE_PREFIX_PATH}:/opt/ros/humble /usr/bin/cmake --install /home/bob/exo_ws/build/exo_urdf
