-- The C compiler identification is GNU 11.4.0
-- The CXX compiler identification is GNU 11.4.0
-- Detecting C compiler ABI info
-- Detecting C compiler ABI info - done
-- Check for working C compiler: /usr/bin/cc - skipped
-- Detecting C compile features
-- Detecting C compile features - done
-- Detecting CXX compiler ABI info
-- Detecting CXX compiler ABI info - done
-- Check for working CXX compiler: /usr/bin/c++ - skipped
-- Detecting CXX compile features
-- Detecting CXX compile features - done
-- Found ament_cmake: 1.3.11 (/opt/ros/humble/share/ament_cmake/cmake)
-- Found Python3: /usr/bin/python3 (found version "3.10.12") found components: Interpreter 
-- Override CMake install command with custom implementation using symlinks instead of copying resources
-- Found robot_state_publisher: 3.0.3 (/opt/ros/humble/share/robot_state_publisher/cmake)
-- Found rosidl_generator_c: 3.1.6 (/opt/ros/humble/share/rosidl_generator_c/cmake)
-- Found rosidl_adapter: 3.1.6 (/opt/ros/humble/share/rosidl_adapter/cmake)
-- Found rosidl_generator_cpp: 3.1.6 (/opt/ros/humble/share/rosidl_generator_cpp/cmake)
-- Using all available rosidl_typesupport_c: rosidl_typesupport_fastrtps_c;rosidl_typesupport_introspection_c
-- Using all available rosidl_typesupport_cpp: rosidl_typesupport_fastrtps_cpp;rosidl_typesupport_introspection_cpp
-- Found eigen3_cmake_module: 0.1.1 (/opt/ros/humble/share/eigen3_cmake_module/cmake)
-- Found Eigen3: TRUE (found version "3.4.0") 
-- Ensuring Eigen3 include directory is part of orocos-kdl CMake target
-- Found rmw_implementation_cmake: 6.1.2 (/opt/ros/humble/share/rmw_implementation_cmake/cmake)
-- Found rmw_fastrtps_cpp: 6.2.7 (/opt/ros/humble/share/rmw_fastrtps_cpp/cmake)
-- Found OpenSSL: /usr/lib/x86_64-linux-gnu/libcrypto.so (found version "3.0.2")  
-- Found FastRTPS: /opt/ros/humble/include  
-- Using RMW implementation 'rmw_fastrtps_cpp' as default
-- Looking for pthread.h
-- Looking for pthread.h - found
-- Performing Test CMAKE_HAVE_LIBC_PTHREAD
-- Performing Test CMAKE_HAVE_LIBC_PTHREAD - Success
-- Found Threads: TRUE  
-- Found rviz2: 11.2.16 (/opt/ros/humble/share/rviz2/cmake)
-- Found xacro: 2.0.13 (/opt/ros/humble/share/xacro/cmake)
-- Configuring done
-- Generating done
-- Build files have been written to: /home/bob/exo_ws/build/exo_urdf
-- Install configuration: ""
-- Execute custom install script
-- Symlinking: /home/bob/exo_ws/install/exo_urdf/share/exo_urdf/urdf/exo.urdf.xacro
-- Symlinking: /home/bob/exo_ws/install/exo_urdf/share/exo_urdf/launch/display.launch.py
-- Symlinking: /home/bob/exo_ws/install/exo_urdf/share/exo_urdf/launch/test.launch.py
-- Symlinking: /home/bob/exo_ws/install/exo_urdf/share/exo_urdf/rviz/urdf.rviz
-- Symlinking: /home/bob/exo_ws/install/exo_urdf/share/ament_index/resource_index/package_run_dependencies/exo_urdf
-- Symlinking: /home/bob/exo_ws/install/exo_urdf/share/ament_index/resource_index/parent_prefix_path/exo_urdf
-- Symlinking: /home/bob/exo_ws/install/exo_urdf/share/exo_urdf/environment/ament_prefix_path.sh
-- Symlinking: /home/bob/exo_ws/install/exo_urdf/share/exo_urdf/environment/ament_prefix_path.dsv
-- Symlinking: /home/bob/exo_ws/install/exo_urdf/share/exo_urdf/environment/path.sh
-- Symlinking: /home/bob/exo_ws/install/exo_urdf/share/exo_urdf/environment/path.dsv
-- Symlinking: /home/bob/exo_ws/install/exo_urdf/share/exo_urdf/local_setup.bash
-- Symlinking: /home/bob/exo_ws/install/exo_urdf/share/exo_urdf/local_setup.sh
-- Symlinking: /home/bob/exo_ws/install/exo_urdf/share/exo_urdf/local_setup.zsh
-- Symlinking: /home/bob/exo_ws/install/exo_urdf/share/exo_urdf/local_setup.dsv
-- Symlinking: /home/bob/exo_ws/install/exo_urdf/share/exo_urdf/package.dsv
-- Symlinking: /home/bob/exo_ws/install/exo_urdf/share/ament_index/resource_index/packages/exo_urdf
-- Symlinking: /home/bob/exo_ws/install/exo_urdf/share/exo_urdf/cmake/exo_urdfConfig.cmake
-- Symlinking: /home/bob/exo_ws/install/exo_urdf/share/exo_urdf/cmake/exo_urdfConfig-version.cmake
-- Symlinking: /home/bob/exo_ws/install/exo_urdf/share/exo_urdf/package.xml
