[0.010s] Invoking command in '/home/bob/exo_ws/build/exo_urdf': CMAKE_PREFIX_PATH=${CMAKE_PREFIX_PATH}:/opt/ros/humble /usr/bin/cmake /home/bob/exo_ws/src/exo_urdf -DAMENT_CMAKE_SYMLINK_INSTALL=1 -DCMAKE_INSTALL_PREFIX=/home/bob/exo_ws/install/exo_urdf
[0.121s] -- The C compiler identification is GNU 11.4.0
[0.218s] -- The CXX compiler identification is GNU 11.4.0
[0.227s] -- Detecting C compiler ABI info
[0.298s] -- Detecting C compiler ABI info - done
[0.311s] -- Check for working C compiler: /usr/bin/cc - skipped
[0.311s] -- Detecting C compile features
[0.312s] -- Detecting C compile features - done
[0.316s] -- Detecting CXX compiler ABI info
[0.397s] -- Detecting CXX compiler ABI info - done
[0.407s] -- Check for working CXX compiler: /usr/bin/c++ - skipped
[0.407s] -- Detecting CXX compile features
[0.408s] -- Detecting CXX compile features - done
[0.409s] -- Found ament_cmake: 1.3.11 (/opt/ros/humble/share/ament_cmake/cmake)
[0.565s] -- Found Python3: /usr/bin/python3 (found version "3.10.12") found components: Interpreter 
[0.629s] -- Override CMake install command with custom implementation using symlinks instead of copying resources
[0.653s] -- Found robot_state_publisher: 3.0.3 (/opt/ros/humble/share/robot_state_publisher/cmake)
[0.686s] -- Found rosidl_generator_c: 3.1.6 (/opt/ros/humble/share/rosidl_generator_c/cmake)
[0.691s] -- Found rosidl_adapter: 3.1.6 (/opt/ros/humble/share/rosidl_adapter/cmake)
[0.699s] -- Found rosidl_generator_cpp: 3.1.6 (/opt/ros/humble/share/rosidl_generator_cpp/cmake)
[0.712s] -- Using all available rosidl_typesupport_c: rosidl_typesupport_fastrtps_c;rosidl_typesupport_introspection_c
[0.728s] -- Using all available rosidl_typesupport_cpp: rosidl_typesupport_fastrtps_cpp;rosidl_typesupport_introspection_cpp
[0.782s] -- Found eigen3_cmake_module: 0.1.1 (/opt/ros/humble/share/eigen3_cmake_module/cmake)
[0.784s] -- Found Eigen3: TRUE (found version "3.4.0") 
[0.784s] -- Ensuring Eigen3 include directory is part of orocos-kdl CMake target
[0.825s] -- Found rmw_implementation_cmake: 6.1.2 (/opt/ros/humble/share/rmw_implementation_cmake/cmake)
[0.827s] -- Found rmw_fastrtps_cpp: 6.2.7 (/opt/ros/humble/share/rmw_fastrtps_cpp/cmake)
[0.906s] -- Found OpenSSL: /usr/lib/x86_64-linux-gnu/libcrypto.so (found version "3.0.2")  
[0.935s] -- Found FastRTPS: /opt/ros/humble/include  
[0.972s] -- Using RMW implementation 'rmw_fastrtps_cpp' as default
[0.980s] -- Looking for pthread.h
[1.049s] -- Looking for pthread.h - found
[1.049s] -- Performing Test CMAKE_HAVE_LIBC_PTHREAD
[1.117s] -- Performing Test CMAKE_HAVE_LIBC_PTHREAD - Success
[1.118s] -- Found Threads: TRUE  
[1.309s] -- Found rviz2: 11.2.16 (/opt/ros/humble/share/rviz2/cmake)
[1.310s] -- Found xacro: 2.0.13 (/opt/ros/humble/share/xacro/cmake)
[1.385s] -- Configuring done
[1.389s] -- Generating done
[1.391s] -- Build files have been written to: /home/bob/exo_ws/build/exo_urdf
[1.404s] Invoked command in '/home/bob/exo_ws/build/exo_urdf' returned '0': CMAKE_PREFIX_PATH=${CMAKE_PREFIX_PATH}:/opt/ros/humble /usr/bin/cmake /home/bob/exo_ws/src/exo_urdf -DAMENT_CMAKE_SYMLINK_INSTALL=1 -DCMAKE_INSTALL_PREFIX=/home/bob/exo_ws/install/exo_urdf
[1.406s] Invoking command in '/home/bob/exo_ws/build/exo_urdf': CMAKE_PREFIX_PATH=${CMAKE_PREFIX_PATH}:/opt/ros/humble /usr/bin/cmake --build /home/bob/exo_ws/build/exo_urdf -- -j8 -l8
[1.446s] Invoked command in '/home/bob/exo_ws/build/exo_urdf' returned '0': CMAKE_PREFIX_PATH=${CMAKE_PREFIX_PATH}:/opt/ros/humble /usr/bin/cmake --build /home/bob/exo_ws/build/exo_urdf -- -j8 -l8
[1.455s] Invoking command in '/home/bob/exo_ws/build/exo_urdf': CMAKE_PREFIX_PATH=${CMAKE_PREFIX_PATH}:/opt/ros/humble /usr/bin/cmake --install /home/bob/exo_ws/build/exo_urdf
[1.463s] -- Install configuration: ""
[1.463s] -- Execute custom install script
[1.464s] -- Symlinking: /home/bob/exo_ws/install/exo_urdf/share/exo_urdf/urdf/exo.urdf.xacro
[1.472s] -- Symlinking: /home/bob/exo_ws/install/exo_urdf/share/exo_urdf/launch/display.launch.py
[1.481s] -- Symlinking: /home/bob/exo_ws/install/exo_urdf/share/exo_urdf/launch/test.launch.py
[1.489s] -- Symlinking: /home/bob/exo_ws/install/exo_urdf/share/exo_urdf/rviz/urdf.rviz
[1.497s] -- Symlinking: /home/bob/exo_ws/install/exo_urdf/share/ament_index/resource_index/package_run_dependencies/exo_urdf
[1.505s] -- Symlinking: /home/bob/exo_ws/install/exo_urdf/share/ament_index/resource_index/parent_prefix_path/exo_urdf
[1.513s] -- Symlinking: /home/bob/exo_ws/install/exo_urdf/share/exo_urdf/environment/ament_prefix_path.sh
[1.521s] -- Symlinking: /home/bob/exo_ws/install/exo_urdf/share/exo_urdf/environment/ament_prefix_path.dsv
[1.531s] -- Symlinking: /home/bob/exo_ws/install/exo_urdf/share/exo_urdf/environment/path.sh
[1.540s] -- Symlinking: /home/bob/exo_ws/install/exo_urdf/share/exo_urdf/environment/path.dsv
[1.548s] -- Symlinking: /home/bob/exo_ws/install/exo_urdf/share/exo_urdf/local_setup.bash
[1.557s] -- Symlinking: /home/bob/exo_ws/install/exo_urdf/share/exo_urdf/local_setup.sh
[1.564s] -- Symlinking: /home/bob/exo_ws/install/exo_urdf/share/exo_urdf/local_setup.zsh
[1.573s] -- Symlinking: /home/bob/exo_ws/install/exo_urdf/share/exo_urdf/local_setup.dsv
[1.581s] -- Symlinking: /home/bob/exo_ws/install/exo_urdf/share/exo_urdf/package.dsv
[1.589s] -- Symlinking: /home/bob/exo_ws/install/exo_urdf/share/ament_index/resource_index/packages/exo_urdf
[1.598s] -- Symlinking: /home/bob/exo_ws/install/exo_urdf/share/exo_urdf/cmake/exo_urdfConfig.cmake
[1.607s] -- Symlinking: /home/bob/exo_ws/install/exo_urdf/share/exo_urdf/cmake/exo_urdfConfig-version.cmake
[1.614s] -- Symlinking: /home/bob/exo_ws/install/exo_urdf/share/exo_urdf/package.xml
[1.624s] Invoked command in '/home/bob/exo_ws/build/exo_urdf' returned '0': CMAKE_PREFIX_PATH=${CMAKE_PREFIX_PATH}:/opt/ros/humble /usr/bin/cmake --install /home/bob/exo_ws/build/exo_urdf
