[0.008s] Invoking command in '/home/bob/exo_ws/build/exo_urdf': CMAKE_PREFIX_PATH=${CMAKE_PREFIX_PATH}:/opt/ros/humble /usr/bin/cmake /home/bob/exo_ws/src/exo_urdf -DAMENT_CMAKE_SYMLINK_INSTALL=1 -DCMAKE_INSTALL_PREFIX=/home/bob/exo_ws/install/exo_urdf
[0.046s] -- The C compiler identification is GNU 11.4.0
[0.088s] -- The CXX compiler identification is GNU 11.4.0
[0.093s] -- Detecting C compiler ABI info
[0.142s] -- Detecting C compiler ABI info - done
[0.148s] -- Check for working C compiler: /usr/bin/cc - skipped
[0.148s] -- Detecting C compile features
[0.148s] -- Detecting C compile features - done
[0.151s] -- Detecting CXX compiler ABI info
[0.211s] -- Detecting CXX compiler ABI info - done
[0.219s] -- Check for working CXX compiler: /usr/bin/c++ - skipped
[0.220s] -- Detecting CXX compile features
[0.220s] -- Detecting CXX compile features - done
[0.222s] -- Found ament_cmake: 1.3.11 (/opt/ros/humble/share/ament_cmake/cmake)
[0.366s] -- Found Python3: /usr/bin/python3 (found version "3.10.12") found components: Interpreter 
[0.436s] -- Override CMake install command with custom implementation using symlinks instead of copying resources
[0.455s] -- Found robot_state_publisher: 3.0.3 (/opt/ros/humble/share/robot_state_publisher/cmake)
[0.488s] -- Found rosidl_generator_c: 3.1.6 (/opt/ros/humble/share/rosidl_generator_c/cmake)
[0.492s] -- Found rosidl_adapter: 3.1.6 (/opt/ros/humble/share/rosidl_adapter/cmake)
[0.498s] -- Found rosidl_generator_cpp: 3.1.6 (/opt/ros/humble/share/rosidl_generator_cpp/cmake)
[0.509s] -- Using all available rosidl_typesupport_c: rosidl_typesupport_fastrtps_c;rosidl_typesupport_introspection_c
[0.522s] -- Using all available rosidl_typesupport_cpp: rosidl_typesupport_fastrtps_cpp;rosidl_typesupport_introspection_cpp
[0.566s] -- Found eigen3_cmake_module: 0.1.1 (/opt/ros/humble/share/eigen3_cmake_module/cmake)
[0.567s] -- Found Eigen3: TRUE (found version "3.4.0") 
[0.567s] -- Ensuring Eigen3 include directory is part of orocos-kdl CMake target
[0.602s] -- Found rmw_implementation_cmake: 6.1.2 (/opt/ros/humble/share/rmw_implementation_cmake/cmake)
[0.604s] -- Found rmw_fastrtps_cpp: 6.2.7 (/opt/ros/humble/share/rmw_fastrtps_cpp/cmake)
[0.665s] -- Found OpenSSL: /usr/lib/x86_64-linux-gnu/libcrypto.so (found version "3.0.2")  
[0.685s] -- Found FastRTPS: /opt/ros/humble/include  
[0.716s] -- Using RMW implementation 'rmw_fastrtps_cpp' as default
[0.723s] -- Looking for pthread.h
[0.780s] -- Looking for pthread.h - found
[0.780s] -- Performing Test CMAKE_HAVE_LIBC_PTHREAD
[0.840s] -- Performing Test CMAKE_HAVE_LIBC_PTHREAD - Success
[0.841s] -- Found Threads: TRUE  
[1.011s] -- Found rviz2: 11.2.16 (/opt/ros/humble/share/rviz2/cmake)
[1.012s] -- Found xacro: 2.0.13 (/opt/ros/humble/share/xacro/cmake)
[1.066s] -- Configuring done
[1.070s] -- Generating done
[1.072s] -- Build files have been written to: /home/bob/exo_ws/build/exo_urdf
[1.079s] Invoked command in '/home/bob/exo_ws/build/exo_urdf' returned '0': CMAKE_PREFIX_PATH=${CMAKE_PREFIX_PATH}:/opt/ros/humble /usr/bin/cmake /home/bob/exo_ws/src/exo_urdf -DAMENT_CMAKE_SYMLINK_INSTALL=1 -DCMAKE_INSTALL_PREFIX=/home/bob/exo_ws/install/exo_urdf
[1.080s] Invoking command in '/home/bob/exo_ws/build/exo_urdf': CMAKE_PREFIX_PATH=${CMAKE_PREFIX_PATH}:/opt/ros/humble /usr/bin/cmake --build /home/bob/exo_ws/build/exo_urdf -- -j8 -l8
[1.109s] Invoked command in '/home/bob/exo_ws/build/exo_urdf' returned '0': CMAKE_PREFIX_PATH=${CMAKE_PREFIX_PATH}:/opt/ros/humble /usr/bin/cmake --build /home/bob/exo_ws/build/exo_urdf -- -j8 -l8
[1.116s] Invoking command in '/home/bob/exo_ws/build/exo_urdf': CMAKE_PREFIX_PATH=${CMAKE_PREFIX_PATH}:/opt/ros/humble /usr/bin/cmake --install /home/bob/exo_ws/build/exo_urdf
[1.122s] -- Install configuration: ""
[1.122s] -- Execute custom install script
[1.123s] -- Symlinking: /home/bob/exo_ws/install/exo_urdf/share/exo_urdf/urdf/exo.urdf
[1.129s] -- Symlinking: /home/bob/exo_ws/install/exo_urdf/share/exo_urdf/urdf/exo.urdfdir
[1.136s] -- Symlinking: /home/bob/exo_ws/install/exo_urdf/share/exo_urdf/urdf/exo.xacro
[1.143s] -- Symlinking: /home/bob/exo_ws/install/exo_urdf/share/exo_urdf/launch/display.launch.py
[1.149s] -- Symlinking: /home/bob/exo_ws/install/exo_urdf/share/exo_urdf/rviz/urdf.rviz
[1.156s] -- Symlinking: /home/bob/exo_ws/install/exo_urdf/share/ament_index/resource_index/package_run_dependencies/exo_urdf
[1.162s] -- Symlinking: /home/bob/exo_ws/install/exo_urdf/share/ament_index/resource_index/parent_prefix_path/exo_urdf
[1.168s] -- Symlinking: /home/bob/exo_ws/install/exo_urdf/share/exo_urdf/environment/ament_prefix_path.sh
[1.174s] -- Symlinking: /home/bob/exo_ws/install/exo_urdf/share/exo_urdf/environment/ament_prefix_path.dsv
[1.180s] -- Symlinking: /home/bob/exo_ws/install/exo_urdf/share/exo_urdf/environment/path.sh
[1.187s] -- Symlinking: /home/bob/exo_ws/install/exo_urdf/share/exo_urdf/environment/path.dsv
[1.193s] -- Symlinking: /home/bob/exo_ws/install/exo_urdf/share/exo_urdf/local_setup.bash
[1.199s] -- Symlinking: /home/bob/exo_ws/install/exo_urdf/share/exo_urdf/local_setup.sh
[1.207s] -- Symlinking: /home/bob/exo_ws/install/exo_urdf/share/exo_urdf/local_setup.zsh
[1.214s] -- Symlinking: /home/bob/exo_ws/install/exo_urdf/share/exo_urdf/local_setup.dsv
[1.221s] -- Symlinking: /home/bob/exo_ws/install/exo_urdf/share/exo_urdf/package.dsv
[1.227s] -- Symlinking: /home/bob/exo_ws/install/exo_urdf/share/ament_index/resource_index/packages/exo_urdf
[1.233s] -- Symlinking: /home/bob/exo_ws/install/exo_urdf/share/exo_urdf/cmake/exo_urdfConfig.cmake
[1.240s] -- Symlinking: /home/bob/exo_ws/install/exo_urdf/share/exo_urdf/cmake/exo_urdfConfig-version.cmake
[1.246s] -- Symlinking: /home/bob/exo_ws/install/exo_urdf/share/exo_urdf/package.xml
[1.253s] Invoked command in '/home/bob/exo_ws/build/exo_urdf' returned '0': CMAKE_PREFIX_PATH=${CMAKE_PREFIX_PATH}:/opt/ros/humble /usr/bin/cmake --install /home/bob/exo_ws/build/exo_urdf
