[0.009s] Invoking command in '/home/bob/exo_ws/build/exo_urdf': CMAKE_PREFIX_PATH=${CMAKE_PREFIX_PATH}:/opt/ros/humble /usr/bin/cmake /home/bob/exo_ws/src/exo_urdf -DAMENT_CMAKE_SYMLINK_INSTALL=1 -DCMAKE_INSTALL_PREFIX=/home/bob/exo_ws/install/exo_urdf
[0.155s] -- The C compiler identification is GNU 11.4.0
[0.284s] -- The CXX compiler identification is GNU 11.4.0
[0.295s] -- Detecting C compiler ABI info
[0.361s] -- Detecting C compiler ABI info - done
[0.369s] -- Check for working C compiler: /usr/bin/cc - skipped
[0.370s] -- Detecting C compile features
[0.370s] -- Detecting C compile features - done
[0.374s] -- Detecting CXX compiler ABI info
[0.444s] -- Detecting CXX compiler ABI info - done
[0.452s] -- Check for working CXX compiler: /usr/bin/c++ - skipped
[0.452s] -- Detecting CXX compile features
[0.453s] -- Detecting CXX compile features - done
[0.455s] -- Found ament_cmake: 1.3.11 (/opt/ros/humble/share/ament_cmake/cmake)
[0.633s] -- Found Python3: /usr/bin/python3 (found version "3.10.12") found components: Interpreter 
[0.699s] -- Override CMake install command with custom implementation using symlinks instead of copying resources
[0.754s] -- Found robot_state_publisher: 3.0.3 (/opt/ros/humble/share/robot_state_publisher/cmake)
[0.804s] -- Found rosidl_generator_c: 3.1.6 (/opt/ros/humble/share/rosidl_generator_c/cmake)
[0.810s] -- Found rosidl_adapter: 3.1.6 (/opt/ros/humble/share/rosidl_adapter/cmake)
[0.821s] -- Found rosidl_generator_cpp: 3.1.6 (/opt/ros/humble/share/rosidl_generator_cpp/cmake)
[0.838s] -- Using all available rosidl_typesupport_c: rosidl_typesupport_fastrtps_c;rosidl_typesupport_introspection_c
[0.856s] -- Using all available rosidl_typesupport_cpp: rosidl_typesupport_fastrtps_cpp;rosidl_typesupport_introspection_cpp
[0.920s] -- Found eigen3_cmake_module: 0.1.1 (/opt/ros/humble/share/eigen3_cmake_module/cmake)
[0.921s] -- Found Eigen3: TRUE (found version "3.4.0") 
[0.921s] -- Ensuring Eigen3 include directory is part of orocos-kdl CMake target
[0.973s] -- Found rmw_implementation_cmake: 6.1.2 (/opt/ros/humble/share/rmw_implementation_cmake/cmake)
[0.976s] -- Found rmw_fastrtps_cpp: 6.2.7 (/opt/ros/humble/share/rmw_fastrtps_cpp/cmake)
[1.056s] -- Found OpenSSL: /usr/lib/x86_64-linux-gnu/libcrypto.so (found version "3.0.2")  
[1.078s] -- Found FastRTPS: /opt/ros/humble/include  
[1.110s] -- Using RMW implementation 'rmw_fastrtps_cpp' as default
[1.123s] -- Looking for pthread.h
[1.190s] -- Looking for pthread.h - found
[1.190s] -- Performing Test CMAKE_HAVE_LIBC_PTHREAD
[1.252s] -- Performing Test CMAKE_HAVE_LIBC_PTHREAD - Success
[1.253s] -- Found Threads: TRUE  
[1.550s] -- Found rviz2: 11.2.16 (/opt/ros/humble/share/rviz2/cmake)
[1.552s] -- Found xacro: 2.0.13 (/opt/ros/humble/share/xacro/cmake)
[1.613s] -- Configuring done
[1.616s] -- Generating done
[1.618s] -- Build files have been written to: /home/bob/exo_ws/build/exo_urdf
[1.626s] Invoked command in '/home/bob/exo_ws/build/exo_urdf' returned '0': CMAKE_PREFIX_PATH=${CMAKE_PREFIX_PATH}:/opt/ros/humble /usr/bin/cmake /home/bob/exo_ws/src/exo_urdf -DAMENT_CMAKE_SYMLINK_INSTALL=1 -DCMAKE_INSTALL_PREFIX=/home/bob/exo_ws/install/exo_urdf
[1.628s] Invoking command in '/home/bob/exo_ws/build/exo_urdf': CMAKE_PREFIX_PATH=${CMAKE_PREFIX_PATH}:/opt/ros/humble /usr/bin/cmake --build /home/bob/exo_ws/build/exo_urdf -- -j8 -l8
[1.663s] Invoked command in '/home/bob/exo_ws/build/exo_urdf' returned '0': CMAKE_PREFIX_PATH=${CMAKE_PREFIX_PATH}:/opt/ros/humble /usr/bin/cmake --build /home/bob/exo_ws/build/exo_urdf -- -j8 -l8
[1.671s] Invoking command in '/home/bob/exo_ws/build/exo_urdf': CMAKE_PREFIX_PATH=${CMAKE_PREFIX_PATH}:/opt/ros/humble /usr/bin/cmake --install /home/bob/exo_ws/build/exo_urdf
[1.677s] -- Install configuration: ""
[1.677s] -- Execute custom install script
[1.678s] -- Symlinking: /home/bob/exo_ws/install/exo_urdf/share/exo_urdf/urdf/exo.urdf
[1.685s] -- Symlinking: /home/bob/exo_ws/install/exo_urdf/share/exo_urdf/urdf/exo.urdfdir
[1.692s] -- Symlinking: /home/bob/exo_ws/install/exo_urdf/share/exo_urdf/urdf/exo.xacro
[1.699s] -- Symlinking: /home/bob/exo_ws/install/exo_urdf/share/exo_urdf/launch/display.launch.py
[1.706s] -- Symlinking: /home/bob/exo_ws/install/exo_urdf/share/exo_urdf/launch/test.launch.py
[1.713s] -- Symlinking: /home/bob/exo_ws/install/exo_urdf/share/exo_urdf/rviz/urdf.rviz
[1.720s] -- Symlinking: /home/bob/exo_ws/install/exo_urdf/share/ament_index/resource_index/package_run_dependencies/exo_urdf
[1.727s] -- Symlinking: /home/bob/exo_ws/install/exo_urdf/share/ament_index/resource_index/parent_prefix_path/exo_urdf
[1.737s] -- Symlinking: /home/bob/exo_ws/install/exo_urdf/share/exo_urdf/environment/ament_prefix_path.sh
[1.744s] -- Symlinking: /home/bob/exo_ws/install/exo_urdf/share/exo_urdf/environment/ament_prefix_path.dsv
[1.752s] -- Symlinking: /home/bob/exo_ws/install/exo_urdf/share/exo_urdf/environment/path.sh
[1.760s] -- Symlinking: /home/bob/exo_ws/install/exo_urdf/share/exo_urdf/environment/path.dsv
[1.767s] -- Symlinking: /home/bob/exo_ws/install/exo_urdf/share/exo_urdf/local_setup.bash
[1.774s] -- Symlinking: /home/bob/exo_ws/install/exo_urdf/share/exo_urdf/local_setup.sh
[1.781s] -- Symlinking: /home/bob/exo_ws/install/exo_urdf/share/exo_urdf/local_setup.zsh
[1.788s] -- Symlinking: /home/bob/exo_ws/install/exo_urdf/share/exo_urdf/local_setup.dsv
[1.795s] -- Symlinking: /home/bob/exo_ws/install/exo_urdf/share/exo_urdf/package.dsv
[1.802s] -- Symlinking: /home/bob/exo_ws/install/exo_urdf/share/ament_index/resource_index/packages/exo_urdf
[1.809s] -- Symlinking: /home/bob/exo_ws/install/exo_urdf/share/exo_urdf/cmake/exo_urdfConfig.cmake
[1.817s] -- Symlinking: /home/bob/exo_ws/install/exo_urdf/share/exo_urdf/cmake/exo_urdfConfig-version.cmake
[1.824s] -- Symlinking: /home/bob/exo_ws/install/exo_urdf/share/exo_urdf/package.xml
[1.834s] Invoked command in '/home/bob/exo_ws/build/exo_urdf' returned '0': CMAKE_PREFIX_PATH=${CMAKE_PREFIX_PATH}:/opt/ros/humble /usr/bin/cmake --install /home/bob/exo_ws/build/exo_urdf
