[0.010s] Invoking command in '/home/bob/exo_ws/build/exoskeleton_description': /usr/bin/cmake /home/bob/exo_ws/src/exoskeleton_description -DCATKIN_INSTALL_INTO_PREFIX_ROOT=0 -DCMAKE_INSTALL_PREFIX=/home/bob/exo_ws/install/exoskeleton_description
[0.020s] -- Found ament_cmake: 1.3.11 (/opt/ros/humble/share/ament_cmake/cmake)
[0.142s] -- Override CMake install command with custom implementation using symlinks instead of copying resources
[0.151s] -- Found robot_state_publisher: 3.0.3 (/opt/ros/humble/share/robot_state_publisher/cmake)
[0.199s] -- Found rosidl_generator_c: 3.1.6 (/opt/ros/humble/share/rosidl_generator_c/cmake)
[0.204s] -- Found rosidl_adapter: 3.1.6 (/opt/ros/humble/share/rosidl_adapter/cmake)
[0.217s] -- Found rosidl_generator_cpp: 3.1.6 (/opt/ros/humble/share/rosidl_generator_cpp/cmake)
[0.237s] -- Using all available rosidl_typesupport_c: rosidl_typesupport_fastrtps_c;rosidl_typesupport_introspection_c
[0.257s] -- Using all available rosidl_typesupport_cpp: rosidl_typesupport_fastrtps_cpp;rosidl_typesupport_introspection_cpp
[0.334s] -- Found eigen3_cmake_module: 0.1.1 (/opt/ros/humble/share/eigen3_cmake_module/cmake)
[0.336s] -- Found Eigen3: TRUE (found version "3.4.0") 
[0.336s] -- Ensuring Eigen3 include directory is part of orocos-kdl CMake target
[0.401s] -- Found rmw_implementation_cmake: 6.1.2 (/opt/ros/humble/share/rmw_implementation_cmake/cmake)
[0.405s] -- Found rmw_fastrtps_cpp: 6.2.7 (/opt/ros/humble/share/rmw_fastrtps_cpp/cmake)
[0.491s] -- Found OpenSSL: /usr/lib/x86_64-linux-gnu/libcrypto.so (found version "3.0.2")  
[0.514s] -- Found FastRTPS: /opt/ros/humble/include  
[0.549s] -- Using RMW implementation 'rmw_fastrtps_cpp' as default
[0.562s] -- Looking for pthread.h
[0.632s] -- Looking for pthread.h - found
[0.632s] -- Performing Test CMAKE_HAVE_LIBC_PTHREAD
[0.697s] -- Performing Test CMAKE_HAVE_LIBC_PTHREAD - Success
[0.698s] -- Found Threads: TRUE  
[0.965s] -- Found rviz2: 11.2.16 (/opt/ros/humble/share/rviz2/cmake)
[0.965s] -- Found xacro: 2.0.13 (/opt/ros/humble/share/xacro/cmake)
[1.033s] -- Configuring done
[1.037s] -- Generating done
[1.038s] [33mCMake Warning:
[1.038s]   Manually-specified variables were not used by the project:
[1.038s] 
[1.038s]     CATKIN_INSTALL_INTO_PREFIX_ROOT
[1.038s] 
[1.038s] [0m
[1.039s] -- Build files have been written to: /home/bob/exo_ws/build/exoskeleton_description
[1.046s] Invoked command in '/home/bob/exo_ws/build/exoskeleton_description' returned '0': /usr/bin/cmake /home/bob/exo_ws/src/exoskeleton_description -DCATKIN_INSTALL_INTO_PREFIX_ROOT=0 -DCMAKE_INSTALL_PREFIX=/home/bob/exo_ws/install/exoskeleton_description
[1.048s] Invoking command in '/home/bob/exo_ws/build/exoskeleton_description': /usr/bin/cmake --build /home/bob/exo_ws/build/exoskeleton_description -- -j8 -l8
[1.082s] Invoked command in '/home/bob/exo_ws/build/exoskeleton_description' returned '0': /usr/bin/cmake --build /home/bob/exo_ws/build/exoskeleton_description -- -j8 -l8
[1.091s] Invoking command in '/home/bob/exo_ws/build/exoskeleton_description': /usr/bin/cmake --install /home/bob/exo_ws/build/exoskeleton_description
[1.097s] -- Install configuration: ""
[1.097s] -- Execute custom install script
[1.098s] -- Up-to-date symlink: /home/bob/exo_ws/install/exoskeleton_description/share/exoskeleton_description/urdf/exo.urdf
[1.098s] -- Up-to-date symlink: /home/bob/exo_ws/install/exoskeleton_description/share/exoskeleton_description/urdf/exo.urdfdir
[1.098s] -- Up-to-date symlink: /home/bob/exo_ws/install/exoskeleton_description/share/exoskeleton_description/urdf/exo.xacro
[1.098s] -- Up-to-date symlink: /home/bob/exo_ws/install/exoskeleton_description/share/exoskeleton_description/launch/display.launch.py
[1.099s] [31mCMake Error at ament_cmake_symlink_install/ament_cmake_symlink_install.cmake:100 (message):
[1.099s]   ament_cmake_symlink_install_directory() can't find
[1.099s]   '/home/bob/exo_ws/src/exoskeleton_description/rviz'
[1.099s] Call Stack (most recent call first):
[1.099s]   ament_cmake_symlink_install/ament_cmake_symlink_install.cmake:320 (ament_cmake_symlink_install_directory)
[1.099s]   cmake_install.cmake:46 (include)
[1.099s] 
[1.099s] [0m
[1.100s] Invoked command in '/home/bob/exo_ws/build/exoskeleton_description' returned '1': /usr/bin/cmake --install /home/bob/exo_ws/build/exoskeleton_description
