-- The C compiler identification is GNU 11.4.0
-- The CXX compiler identification is GNU 11.4.0
-- Detecting C compiler ABI info
-- Detecting C compiler ABI info - done
-- Check for working C compiler: /usr/bin/cc - skipped
-- Detecting C compile features
-- Detecting C compile features - done
-- Detecting CXX compiler ABI info
-- Detecting CXX compiler ABI info - done
-- Check for working CXX compiler: /usr/bin/c++ - skipped
-- Detecting CXX compile features
-- Detecting CXX compile features - done
-- Found ament_cmake: 1.3.11 (/opt/ros/humble/share/ament_cmake/cmake)
-- Found Python3: /usr/bin/python3 (found version "3.10.12") found components: Interpreter 
-- Override CMake install command with custom implementation using symlinks instead of copying resources
-- Found xacro: 2.0.13 (/opt/ros/humble/share/xacro/cmake)
-- Found urdf: 2.6.1 (/opt/ros/humble/share/urdf/cmake)
-- Found ament_lint_auto: 0.12.12 (/opt/ros/humble/share/ament_lint_auto/cmake)
-- Added test 'flake8' to check Python code syntax and style conventions
-- Added test 'lint_cmake' to check CMake code style
-- Added test 'pep257' to check Python code against some of the docstring style conventions in PEP 257
-- Added test 'xmllint' to check XML markup files
-- Configuring done
-- Generating done
-- Build files have been written to: /home/bob/exo_ws/build/exoskeleton_description
-- Install configuration: ""
-- Execute custom install script
-- Symlinking: /home/bob/exo_ws/install/exoskeleton_description/share/exoskeleton_description/urdf/exo.urdf
-- Symlinking: /home/bob/exo_ws/install/exoskeleton_description/share/exoskeleton_description/urdf/exo.urdfdir
-- Symlinking: /home/bob/exo_ws/install/exoskeleton_description/share/exoskeleton_description/urdf/exo.xacro
-- Symlinking: /home/bob/exo_ws/install/exoskeleton_description/share/exoskeleton_description/launch/display.launch.py
-- Symlinking: /home/bob/exo_ws/install/exoskeleton_description/share/exoskeleton_description/config/view_robot.rviz
-- Symlinking: /home/bob/exo_ws/install/exoskeleton_description/share/ament_index/resource_index/package_run_dependencies/exoskeleton_description
-- Symlinking: /home/bob/exo_ws/install/exoskeleton_description/share/ament_index/resource_index/parent_prefix_path/exoskeleton_description
-- Symlinking: /home/bob/exo_ws/install/exoskeleton_description/share/exoskeleton_description/environment/ament_prefix_path.sh
-- Symlinking: /home/bob/exo_ws/install/exoskeleton_description/share/exoskeleton_description/environment/ament_prefix_path.dsv
-- Symlinking: /home/bob/exo_ws/install/exoskeleton_description/share/exoskeleton_description/environment/path.sh
-- Symlinking: /home/bob/exo_ws/install/exoskeleton_description/share/exoskeleton_description/environment/path.dsv
-- Symlinking: /home/bob/exo_ws/install/exoskeleton_description/share/exoskeleton_description/local_setup.bash
-- Symlinking: /home/bob/exo_ws/install/exoskeleton_description/share/exoskeleton_description/local_setup.sh
-- Symlinking: /home/bob/exo_ws/install/exoskeleton_description/share/exoskeleton_description/local_setup.zsh
-- Symlinking: /home/bob/exo_ws/install/exoskeleton_description/share/exoskeleton_description/local_setup.dsv
-- Symlinking: /home/bob/exo_ws/install/exoskeleton_description/share/exoskeleton_description/package.dsv
-- Symlinking: /home/bob/exo_ws/install/exoskeleton_description/share/ament_index/resource_index/packages/exoskeleton_description
-- Symlinking: /home/bob/exo_ws/install/exoskeleton_description/share/exoskeleton_description/cmake/exoskeleton_descriptionConfig.cmake
-- Symlinking: /home/bob/exo_ws/install/exoskeleton_description/share/exoskeleton_description/cmake/exoskeleton_descriptionConfig-version.cmake
-- Symlinking: /home/bob/exo_ws/install/exoskeleton_description/share/exoskeleton_description/package.xml
