[0.008s] Invoking command in '/home/bob/exo_ws/build/exoskeleton_description': CMAKE_PREFIX_PATH=/opt/ros/humble /usr/bin/cmake /home/bob/exo_ws/src/exoskeleton_description -DAMENT_CMAKE_SYMLINK_INSTALL=1 -DCMAKE_INSTALL_PREFIX=/home/bob/exo_ws/install/exoskeleton_description
[0.122s] -- The C compiler identification is GNU 11.4.0
[0.224s] -- The CXX compiler identification is GNU 11.4.0
[0.236s] -- Detecting C compiler ABI info
[0.300s] -- Detecting C compiler ABI info - done
[0.308s] -- Check for working C compiler: /usr/bin/cc - skipped
[0.308s] -- Detecting C compile features
[0.309s] -- Detecting C compile features - done
[0.313s] -- Detecting CXX compiler ABI info
[0.381s] -- Detecting CXX compiler ABI info - done
[0.389s] -- Check for working CXX compiler: /usr/bin/c++ - skipped
[0.389s] -- Detecting CXX compile features
[0.389s] -- Detecting CXX compile features - done
[0.392s] -- Found ament_cmake: 1.3.11 (/opt/ros/humble/share/ament_cmake/cmake)
[0.527s] -- Found Python3: /usr/bin/python3 (found version "3.10.12") found components: Interpreter 
[0.594s] -- Override CMake install command with custom implementation using symlinks instead of copying resources
[0.630s] -- Found xacro: 2.0.13 (/opt/ros/humble/share/xacro/cmake)
[0.633s] -- Found urdf: 2.6.1 (/opt/ros/humble/share/urdf/cmake)
[0.687s] -- Found ament_lint_auto: 0.12.12 (/opt/ros/humble/share/ament_lint_auto/cmake)
[0.768s] -- Added test 'flake8' to check Python code syntax and style conventions
[0.769s] -- Added test 'lint_cmake' to check CMake code style
[0.769s] -- Added test 'pep257' to check Python code against some of the docstring style conventions in PEP 257
[0.771s] -- Added test 'xmllint' to check XML markup files
[0.773s] -- Configuring done
[0.777s] -- Generating done
[0.779s] -- Build files have been written to: /home/bob/exo_ws/build/exoskeleton_description
[0.785s] Invoked command in '/home/bob/exo_ws/build/exoskeleton_description' returned '0': CMAKE_PREFIX_PATH=/opt/ros/humble /usr/bin/cmake /home/bob/exo_ws/src/exoskeleton_description -DAMENT_CMAKE_SYMLINK_INSTALL=1 -DCMAKE_INSTALL_PREFIX=/home/bob/exo_ws/install/exoskeleton_description
[0.786s] Invoking command in '/home/bob/exo_ws/build/exoskeleton_description': CMAKE_PREFIX_PATH=/opt/ros/humble /usr/bin/cmake --build /home/bob/exo_ws/build/exoskeleton_description -- -j8 -l8
[0.815s] Invoked command in '/home/bob/exo_ws/build/exoskeleton_description' returned '0': CMAKE_PREFIX_PATH=/opt/ros/humble /usr/bin/cmake --build /home/bob/exo_ws/build/exoskeleton_description -- -j8 -l8
[0.823s] Invoking command in '/home/bob/exo_ws/build/exoskeleton_description': CMAKE_PREFIX_PATH=/opt/ros/humble /usr/bin/cmake --install /home/bob/exo_ws/build/exoskeleton_description
[0.829s] -- Install configuration: ""
[0.829s] -- Execute custom install script
[0.829s] -- Symlinking: /home/bob/exo_ws/install/exoskeleton_description/share/exoskeleton_description/urdf/exo.urdf
[0.837s] -- Symlinking: /home/bob/exo_ws/install/exoskeleton_description/share/exoskeleton_description/urdf/exo.urdfdir
[0.843s] -- Symlinking: /home/bob/exo_ws/install/exoskeleton_description/share/exoskeleton_description/urdf/exo.xacro
[0.850s] -- Symlinking: /home/bob/exo_ws/install/exoskeleton_description/share/exoskeleton_description/launch/display.launch.py
[0.857s] -- Symlinking: /home/bob/exo_ws/install/exoskeleton_description/share/exoskeleton_description/config/view_robot.rviz
[0.864s] -- Symlinking: /home/bob/exo_ws/install/exoskeleton_description/share/ament_index/resource_index/package_run_dependencies/exoskeleton_description
[0.871s] -- Symlinking: /home/bob/exo_ws/install/exoskeleton_description/share/ament_index/resource_index/parent_prefix_path/exoskeleton_description
[0.878s] -- Symlinking: /home/bob/exo_ws/install/exoskeleton_description/share/exoskeleton_description/environment/ament_prefix_path.sh
[0.884s] -- Symlinking: /home/bob/exo_ws/install/exoskeleton_description/share/exoskeleton_description/environment/ament_prefix_path.dsv
[0.891s] -- Symlinking: /home/bob/exo_ws/install/exoskeleton_description/share/exoskeleton_description/environment/path.sh
[0.898s] -- Symlinking: /home/bob/exo_ws/install/exoskeleton_description/share/exoskeleton_description/environment/path.dsv
[0.904s] -- Symlinking: /home/bob/exo_ws/install/exoskeleton_description/share/exoskeleton_description/local_setup.bash
[0.911s] -- Symlinking: /home/bob/exo_ws/install/exoskeleton_description/share/exoskeleton_description/local_setup.sh
[0.918s] -- Symlinking: /home/bob/exo_ws/install/exoskeleton_description/share/exoskeleton_description/local_setup.zsh
[0.924s] -- Symlinking: /home/bob/exo_ws/install/exoskeleton_description/share/exoskeleton_description/local_setup.dsv
[0.932s] -- Symlinking: /home/bob/exo_ws/install/exoskeleton_description/share/exoskeleton_description/package.dsv
[0.939s] -- Symlinking: /home/bob/exo_ws/install/exoskeleton_description/share/ament_index/resource_index/packages/exoskeleton_description
[0.946s] -- Symlinking: /home/bob/exo_ws/install/exoskeleton_description/share/exoskeleton_description/cmake/exoskeleton_descriptionConfig.cmake
[0.953s] -- Symlinking: /home/bob/exo_ws/install/exoskeleton_description/share/exoskeleton_description/cmake/exoskeleton_descriptionConfig-version.cmake
[0.960s] -- Symlinking: /home/bob/exo_ws/install/exoskeleton_description/share/exoskeleton_description/package.xml
[0.968s] Invoked command in '/home/bob/exo_ws/build/exoskeleton_description' returned '0': CMAKE_PREFIX_PATH=/opt/ros/humble /usr/bin/cmake --install /home/bob/exo_ws/build/exoskeleton_description
