[0.105s] DEBUG:colcon:Command line arguments: ['/usr/bin/colcon', 'build', '--symlink-install', '--packages-select', 'exoskeleton_description']
[0.105s] DEBUG:colcon:Parsed command line arguments: Namespace(log_base=None, log_level=None, verb_name='build', build_base='build', install_base='install', merge_install=False, symlink_install=True, test_result_base=None, continue_on_error=False, executor='parallel', parallel_workers=8, event_handlers=None, ignore_user_meta=False, metas=['./colcon.meta'], base_paths=['.'], packages_ignore=None, packages_ignore_regex=None, paths=None, packages_up_to=None, packages_up_to_regex=None, packages_above=None, packages_above_and_dependencies=None, packages_above_depth=None, packages_select_by_dep=None, packages_skip_by_dep=None, packages_skip_up_to=None, packages_select_build_failed=False, packages_skip_build_finished=False, packages_select_test_failures=False, packages_skip_test_passed=False, packages_select=['exoskeleton_description'], packages_skip=None, packages_select_regex=None, packages_skip_regex=None, packages_start=None, packages_end=None, allow_overriding=[], cmake_args=None, cmake_target=None, cmake_target_skip_unavailable=False, cmake_clean_cache=False, cmake_clean_first=False, cmake_force_configure=False, ament_cmake_args=None, catkin_cmake_args=None, catkin_skip_building_tests=False, verb_parser=<colcon_defaults.argument_parser.defaults.DefaultArgumentsDecorator object at 0x70200d623760>, verb_extension=<colcon_core.verb.build.BuildVerb object at 0x70200d76caf0>, main=<bound method BuildVerb.main of <colcon_core.verb.build.BuildVerb object at 0x70200d76caf0>>)
[0.278s] Level 1:colcon.colcon_core.package_discovery:discover_packages(colcon_meta) check parameters
[0.278s] Level 1:colcon.colcon_core.package_discovery:discover_packages(recursive) check parameters
[0.278s] Level 1:colcon.colcon_core.package_discovery:discover_packages(ignore) check parameters
[0.279s] Level 1:colcon.colcon_core.package_discovery:discover_packages(path) check parameters
[0.279s] Level 1:colcon.colcon_core.package_discovery:discover_packages(colcon_meta) discover
[0.279s] Level 1:colcon.colcon_core.package_discovery:discover_packages(recursive) discover
[0.279s] INFO:colcon.colcon_core.package_discovery:Crawling recursively for packages in '/home/bob/exo_ws'
[0.279s] Level 1:colcon.colcon_core.package_identification:_identify(.) by extensions ['ignore', 'ignore_ament_install']
[0.279s] Level 1:colcon.colcon_core.package_identification:_identify(.) by extension 'ignore'
[0.279s] Level 1:colcon.colcon_core.package_identification:_identify(.) by extension 'ignore_ament_install'
[0.279s] Level 1:colcon.colcon_core.package_identification:_identify(.) by extensions ['colcon_pkg']
[0.279s] Level 1:colcon.colcon_core.package_identification:_identify(.) by extension 'colcon_pkg'
[0.279s] Level 1:colcon.colcon_core.package_identification:_identify(.) by extensions ['colcon_meta']
[0.279s] Level 1:colcon.colcon_core.package_identification:_identify(.) by extension 'colcon_meta'
[0.279s] Level 1:colcon.colcon_core.package_identification:_identify(.) by extensions ['ros']
[0.279s] Level 1:colcon.colcon_core.package_identification:_identify(.) by extension 'ros'
[0.291s] Level 1:colcon.colcon_core.package_identification:_identify(.) by extensions ['cmake', 'python']
[0.291s] Level 1:colcon.colcon_core.package_identification:_identify(.) by extension 'cmake'
[0.291s] Level 1:colcon.colcon_core.package_identification:_identify(.) by extension 'python'
[0.291s] Level 1:colcon.colcon_core.package_identification:_identify(.) by extensions ['python_setup_py']
[0.291s] Level 1:colcon.colcon_core.package_identification:_identify(.) by extension 'python_setup_py'
[0.291s] Level 1:colcon.colcon_core.package_identification:_identify(build) by extensions ['ignore', 'ignore_ament_install']
[0.291s] Level 1:colcon.colcon_core.package_identification:_identify(build) by extension 'ignore'
[0.291s] Level 1:colcon.colcon_core.package_identification:_identify(build) ignored
[0.291s] Level 1:colcon.colcon_core.package_identification:_identify(install) by extensions ['ignore', 'ignore_ament_install']
[0.292s] Level 1:colcon.colcon_core.package_identification:_identify(install) by extension 'ignore'
[0.292s] Level 1:colcon.colcon_core.package_identification:_identify(install) ignored
[0.292s] Level 1:colcon.colcon_core.package_identification:_identify(log) by extensions ['ignore', 'ignore_ament_install']
[0.292s] Level 1:colcon.colcon_core.package_identification:_identify(log) by extension 'ignore'
[0.292s] Level 1:colcon.colcon_core.package_identification:_identify(log) ignored
[0.292s] Level 1:colcon.colcon_core.package_identification:_identify(src) by extensions ['ignore', 'ignore_ament_install']
[0.292s] Level 1:colcon.colcon_core.package_identification:_identify(src) by extension 'ignore'
[0.292s] Level 1:colcon.colcon_core.package_identification:_identify(src) by extension 'ignore_ament_install'
[0.292s] Level 1:colcon.colcon_core.package_identification:_identify(src) by extensions ['colcon_pkg']
[0.292s] Level 1:colcon.colcon_core.package_identification:_identify(src) by extension 'colcon_pkg'
[0.292s] Level 1:colcon.colcon_core.package_identification:_identify(src) by extensions ['colcon_meta']
[0.292s] Level 1:colcon.colcon_core.package_identification:_identify(src) by extension 'colcon_meta'
[0.293s] Level 1:colcon.colcon_core.package_identification:_identify(src) by extensions ['ros']
[0.293s] Level 1:colcon.colcon_core.package_identification:_identify(src) by extension 'ros'
[0.293s] Level 1:colcon.colcon_core.package_identification:_identify(src) by extensions ['cmake', 'python']
[0.293s] Level 1:colcon.colcon_core.package_identification:_identify(src) by extension 'cmake'
[0.293s] Level 1:colcon.colcon_core.package_identification:_identify(src) by extension 'python'
[0.293s] Level 1:colcon.colcon_core.package_identification:_identify(src) by extensions ['python_setup_py']
[0.293s] Level 1:colcon.colcon_core.package_identification:_identify(src) by extension 'python_setup_py'
[0.293s] Level 1:colcon.colcon_core.package_identification:_identify(src/exoskeleton_description) by extensions ['ignore', 'ignore_ament_install']
[0.293s] Level 1:colcon.colcon_core.package_identification:_identify(src/exoskeleton_description) by extension 'ignore'
[0.293s] Level 1:colcon.colcon_core.package_identification:_identify(src/exoskeleton_description) by extension 'ignore_ament_install'
[0.293s] Level 1:colcon.colcon_core.package_identification:_identify(src/exoskeleton_description) by extensions ['colcon_pkg']
[0.293s] Level 1:colcon.colcon_core.package_identification:_identify(src/exoskeleton_description) by extension 'colcon_pkg'
[0.293s] Level 1:colcon.colcon_core.package_identification:_identify(src/exoskeleton_description) by extensions ['colcon_meta']
[0.293s] Level 1:colcon.colcon_core.package_identification:_identify(src/exoskeleton_description) by extension 'colcon_meta'
[0.294s] Level 1:colcon.colcon_core.package_identification:_identify(src/exoskeleton_description) by extensions ['ros']
[0.294s] Level 1:colcon.colcon_core.package_identification:_identify(src/exoskeleton_description) by extension 'ros'
[0.296s] DEBUG:colcon.colcon_core.package_identification:Package 'src/exoskeleton_description' with type 'ros.catkin' and name 'exoskeleton_description'
[0.296s] Level 1:colcon.colcon_core.package_discovery:discover_packages(recursive) using defaults
[0.296s] Level 1:colcon.colcon_core.package_discovery:discover_packages(ignore) discover
[0.296s] Level 1:colcon.colcon_core.package_discovery:discover_packages(ignore) using defaults
[0.296s] Level 1:colcon.colcon_core.package_discovery:discover_packages(path) discover
[0.296s] Level 1:colcon.colcon_core.package_discovery:discover_packages(path) using defaults
[0.315s] Level 1:colcon.colcon_core.package_discovery:discover_packages(prefix_path) check parameters
[0.315s] Level 1:colcon.colcon_core.package_discovery:discover_packages(prefix_path) discover
[0.317s] DEBUG:colcon.colcon_installed_package_information.package_discovery:Found 1 installed packages in /home/bob/exo_ws/install
[0.319s] DEBUG:colcon.colcon_installed_package_information.package_discovery:Found 328 installed packages in /opt/ros/humble
[0.329s] Level 1:colcon.colcon_core.package_discovery:discover_packages(prefix_path) using defaults
[0.373s] Level 5:colcon.colcon_core.verb:set package 'exoskeleton_description' build argument 'cmake_args' from command line to 'None'
[0.373s] Level 5:colcon.colcon_core.verb:set package 'exoskeleton_description' build argument 'cmake_target' from command line to 'None'
[0.373s] Level 5:colcon.colcon_core.verb:set package 'exoskeleton_description' build argument 'cmake_target_skip_unavailable' from command line to 'False'
[0.373s] Level 5:colcon.colcon_core.verb:set package 'exoskeleton_description' build argument 'cmake_clean_cache' from command line to 'False'
[0.373s] Level 5:colcon.colcon_core.verb:set package 'exoskeleton_description' build argument 'cmake_clean_first' from command line to 'False'
[0.373s] Level 5:colcon.colcon_core.verb:set package 'exoskeleton_description' build argument 'cmake_force_configure' from command line to 'False'
[0.373s] Level 5:colcon.colcon_core.verb:set package 'exoskeleton_description' build argument 'ament_cmake_args' from command line to 'None'
[0.373s] Level 5:colcon.colcon_core.verb:set package 'exoskeleton_description' build argument 'catkin_cmake_args' from command line to 'None'
[0.373s] Level 5:colcon.colcon_core.verb:set package 'exoskeleton_description' build argument 'catkin_skip_building_tests' from command line to 'False'
[0.373s] DEBUG:colcon.colcon_core.verb:Building package 'exoskeleton_description' with the following arguments: {'ament_cmake_args': None, 'build_base': '/home/bob/exo_ws/build/exoskeleton_description', 'catkin_cmake_args': None, 'catkin_skip_building_tests': False, 'cmake_args': None, 'cmake_clean_cache': False, 'cmake_clean_first': False, 'cmake_force_configure': False, 'cmake_target': None, 'cmake_target_skip_unavailable': False, 'install_base': '/home/bob/exo_ws/install/exoskeleton_description', 'merge_install': False, 'path': '/home/bob/exo_ws/src/exoskeleton_description', 'symlink_install': True, 'test_result_base': None}
[0.374s] INFO:colcon.colcon_core.executor:Executing jobs using 'parallel' executor
[0.375s] DEBUG:colcon.colcon_parallel_executor.executor.parallel:run_until_complete
[0.375s] INFO:colcon.colcon_ros.task.catkin.build:Building ROS package in '/home/bob/exo_ws/src/exoskeleton_description' with build type 'catkin'
[0.375s] INFO:colcon.colcon_cmake.task.cmake.build:Building CMake package in '/home/bob/exo_ws/src/exoskeleton_description'
[0.377s] INFO:colcon.colcon_core.plugin_system:Skipping extension 'colcon_core.shell.bat': Not used on non-Windows systems
[0.377s] INFO:colcon.colcon_core.shell:Skip shell extension 'powershell' for command environment: Not usable outside of PowerShell
[0.377s] DEBUG:colcon.colcon_core.shell:Skip shell extension 'dsv' for command environment
[0.385s] DEBUG:colcon.colcon_core.event_handler.log_command:Invoking command in '/home/bob/exo_ws/build/exoskeleton_description': /usr/bin/cmake /home/bob/exo_ws/src/exoskeleton_description -DCATKIN_INSTALL_INTO_PREFIX_ROOT=0 -DCATKIN_SYMLINK_INSTALL=ON -DCMAKE_INSTALL_PREFIX=/home/bob/exo_ws/install/exoskeleton_description
[0.990s] DEBUG:colcon.colcon_core.event_handler.log_command:Invoked command in '/home/bob/exo_ws/build/exoskeleton_description' returned '0': /usr/bin/cmake /home/bob/exo_ws/src/exoskeleton_description -DCATKIN_INSTALL_INTO_PREFIX_ROOT=0 -DCATKIN_SYMLINK_INSTALL=ON -DCMAKE_INSTALL_PREFIX=/home/bob/exo_ws/install/exoskeleton_description
[0.992s] DEBUG:colcon.colcon_core.event_handler.log_command:Invoking command in '/home/bob/exo_ws/build/exoskeleton_description': /usr/bin/cmake --build /home/bob/exo_ws/build/exoskeleton_description -- -j8 -l8
[1.026s] DEBUG:colcon.colcon_core.event_handler.log_command:Invoked command in '/home/bob/exo_ws/build/exoskeleton_description' returned '0': /usr/bin/cmake --build /home/bob/exo_ws/build/exoskeleton_description -- -j8 -l8
[1.036s] DEBUG:colcon.colcon_core.event_handler.log_command:Invoking command in '/home/bob/exo_ws/build/exoskeleton_description': /usr/bin/cmake --install /home/bob/exo_ws/build/exoskeleton_description
[1.044s] DEBUG:colcon.colcon_core.event_handler.log_command:Invoked command in '/home/bob/exo_ws/build/exoskeleton_description' returned '1': /usr/bin/cmake --install /home/bob/exo_ws/build/exoskeleton_description
[1.044s] Level 1:colcon.colcon_core.shell:create_environment_hook('exoskeleton_description', 'ros_package_path')
[1.045s] INFO:colcon.colcon_core.shell:Creating environment hook '/home/bob/exo_ws/install/exoskeleton_description/share/exoskeleton_description/hook/ros_package_path.ps1'
[1.045s] INFO:colcon.colcon_core.shell:Creating environment descriptor '/home/bob/exo_ws/install/exoskeleton_description/share/exoskeleton_description/hook/ros_package_path.dsv'
[1.046s] INFO:colcon.colcon_core.shell:Creating environment hook '/home/bob/exo_ws/install/exoskeleton_description/share/exoskeleton_description/hook/ros_package_path.sh'
[1.046s] Level 1:colcon.colcon_core.shell:create_environment_hook('exoskeleton_description', 'pkg_config_path')
[1.047s] INFO:colcon.colcon_core.shell:Creating environment hook '/home/bob/exo_ws/install/exoskeleton_description/share/exoskeleton_description/hook/pkg_config_path.ps1'
[1.047s] INFO:colcon.colcon_core.shell:Creating environment descriptor '/home/bob/exo_ws/install/exoskeleton_description/share/exoskeleton_description/hook/pkg_config_path.dsv'
[1.047s] INFO:colcon.colcon_core.shell:Creating environment hook '/home/bob/exo_ws/install/exoskeleton_description/share/exoskeleton_description/hook/pkg_config_path.sh'
[1.049s] Level 1:colcon.colcon_core.shell:create_environment_hook('exoskeleton_description', 'pkg_config_path_multiarch')
[1.049s] INFO:colcon.colcon_core.shell:Creating environment hook '/home/bob/exo_ws/install/exoskeleton_description/share/exoskeleton_description/hook/pkg_config_path_multiarch.ps1'
[1.050s] INFO:colcon.colcon_core.shell:Creating environment descriptor '/home/bob/exo_ws/install/exoskeleton_description/share/exoskeleton_description/hook/pkg_config_path_multiarch.dsv'
[1.050s] INFO:colcon.colcon_core.shell:Creating environment hook '/home/bob/exo_ws/install/exoskeleton_description/share/exoskeleton_description/hook/pkg_config_path_multiarch.sh'
[1.051s] Level 1:colcon.colcon_core.environment:create_environment_scripts_only(exoskeleton_description)
[1.053s] Level 1:colcon.colcon_core.environment:checking '/home/bob/exo_ws/install/exoskeleton_description' for CMake module files
[1.054s] Level 1:colcon.colcon_core.environment:checking '/home/bob/exo_ws/install/exoskeleton_description' for CMake config files
[1.054s] Level 1:colcon.colcon_core.shell:create_environment_hook('exoskeleton_description', 'cmake_prefix_path')
[1.054s] INFO:colcon.colcon_core.shell:Creating environment hook '/home/bob/exo_ws/install/exoskeleton_description/share/exoskeleton_description/hook/cmake_prefix_path.ps1'
[1.054s] INFO:colcon.colcon_core.shell:Creating environment descriptor '/home/bob/exo_ws/install/exoskeleton_description/share/exoskeleton_description/hook/cmake_prefix_path.dsv'
[1.055s] INFO:colcon.colcon_core.shell:Creating environment hook '/home/bob/exo_ws/install/exoskeleton_description/share/exoskeleton_description/hook/cmake_prefix_path.sh'
[1.055s] Level 1:colcon.colcon_core.environment:checking '/home/bob/exo_ws/install/exoskeleton_description/bin'
[1.055s] Level 1:colcon.colcon_core.environment:checking '/home/bob/exo_ws/install/exoskeleton_description/lib/pkgconfig/exoskeleton_description.pc'
[1.055s] Level 1:colcon.colcon_core.environment:checking '/home/bob/exo_ws/install/exoskeleton_description/lib/python3.10/site-packages'
[1.056s] Level 1:colcon.colcon_core.environment:checking '/home/bob/exo_ws/install/exoskeleton_description/bin'
[1.056s] INFO:colcon.colcon_core.shell:Creating package script '/home/bob/exo_ws/install/exoskeleton_description/share/exoskeleton_description/package.ps1'
[1.057s] INFO:colcon.colcon_core.shell:Creating package descriptor '/home/bob/exo_ws/install/exoskeleton_description/share/exoskeleton_description/package.dsv'
[1.057s] INFO:colcon.colcon_core.shell:Creating package script '/home/bob/exo_ws/install/exoskeleton_description/share/exoskeleton_description/package.sh'
[1.058s] INFO:colcon.colcon_core.shell:Creating package script '/home/bob/exo_ws/install/exoskeleton_description/share/exoskeleton_description/package.bash'
[1.059s] INFO:colcon.colcon_core.shell:Creating package script '/home/bob/exo_ws/install/exoskeleton_description/share/exoskeleton_description/package.zsh'
[1.059s] Level 1:colcon.colcon_core.environment:create_file_with_runtime_dependencies(/home/bob/exo_ws/install/exoskeleton_description/share/colcon-core/packages/exoskeleton_description)
[1.070s] DEBUG:colcon.colcon_parallel_executor.executor.parallel:closing loop
[1.070s] DEBUG:colcon.colcon_parallel_executor.executor.parallel:loop closed
[1.070s] DEBUG:colcon.colcon_parallel_executor.executor.parallel:run_until_complete finished with '1'
[1.070s] DEBUG:colcon.colcon_core.event_reactor:joining thread
[1.074s] INFO:colcon.colcon_core.plugin_system:Skipping extension 'colcon_notification.desktop_notification.terminal_notifier': Not used on non-Darwin systems
[1.075s] INFO:colcon.colcon_core.plugin_system:Skipping extension 'colcon_notification.desktop_notification.win32': Not used on non-Windows systems
[1.075s] INFO:colcon.colcon_notification.desktop_notification:Sending desktop notification using 'notify2'
[1.084s] DEBUG:colcon.colcon_core.event_reactor:joined thread
[1.085s] INFO:colcon.colcon_core.shell:Creating prefix script '/home/bob/exo_ws/install/local_setup.ps1'
[1.086s] INFO:colcon.colcon_core.shell:Creating prefix util module '/home/bob/exo_ws/install/_local_setup_util_ps1.py'
[1.087s] INFO:colcon.colcon_core.shell:Creating prefix chain script '/home/bob/exo_ws/install/setup.ps1'
[1.089s] INFO:colcon.colcon_core.shell:Creating prefix script '/home/bob/exo_ws/install/local_setup.sh'
[1.089s] INFO:colcon.colcon_core.shell:Creating prefix util module '/home/bob/exo_ws/install/_local_setup_util_sh.py'
[1.090s] INFO:colcon.colcon_core.shell:Creating prefix chain script '/home/bob/exo_ws/install/setup.sh'
[1.091s] INFO:colcon.colcon_core.shell:Creating prefix script '/home/bob/exo_ws/install/local_setup.bash'
[1.091s] INFO:colcon.colcon_core.shell:Creating prefix chain script '/home/bob/exo_ws/install/setup.bash'
[1.092s] INFO:colcon.colcon_core.shell:Creating prefix script '/home/bob/exo_ws/install/local_setup.zsh'
[1.093s] INFO:colcon.colcon_core.shell:Creating prefix chain script '/home/bob/exo_ws/install/setup.zsh'
