[0.470s] DEBUG:colcon:Command line arguments: ['/usr/bin/colcon', 'build', '--symlink-install', '--packages-select', 'exo_urdf']
[0.471s] DEBUG:colcon:Parsed command line arguments: Namespace(log_base=None, log_level=None, verb_name='build', build_base='build', install_base='install', merge_install=False, symlink_install=True, test_result_base=None, continue_on_error=False, executor='parallel', parallel_workers=8, event_handlers=None, ignore_user_meta=False, metas=['./colcon.meta'], base_paths=['.'], packages_ignore=None, packages_ignore_regex=None, paths=None, packages_up_to=None, packages_up_to_regex=None, packages_above=None, packages_above_and_dependencies=None, packages_above_depth=None, packages_select_by_dep=None, packages_skip_by_dep=None, packages_skip_up_to=None, packages_select_build_failed=False, packages_skip_build_finished=False, packages_select_test_failures=False, packages_skip_test_passed=False, packages_select=['exo_urdf'], packages_skip=None, packages_select_regex=None, packages_skip_regex=None, packages_start=None, packages_end=None, allow_overriding=[], cmake_args=None, cmake_target=None, cmake_target_skip_unavailable=False, cmake_clean_cache=False, cmake_clean_first=False, cmake_force_configure=False, ament_cmake_args=None, catkin_cmake_args=None, catkin_skip_building_tests=False, verb_parser=<colcon_defaults.argument_parser.defaults.DefaultArgumentsDecorator object at 0x735a4c4a37f0>, verb_extension=<colcon_core.verb.build.BuildVerb object at 0x735a4c66cb80>, main=<bound method BuildVerb.main of <colcon_core.verb.build.BuildVerb object at 0x735a4c66cb80>>)
[1.217s] Level 1:colcon.colcon_core.package_discovery:discover_packages(colcon_meta) check parameters
[1.217s] Level 1:colcon.colcon_core.package_discovery:discover_packages(recursive) check parameters
[1.218s] Level 1:colcon.colcon_core.package_discovery:discover_packages(ignore) check parameters
[1.218s] Level 1:colcon.colcon_core.package_discovery:discover_packages(path) check parameters
[1.218s] Level 1:colcon.colcon_core.package_discovery:discover_packages(colcon_meta) discover
[1.218s] Level 1:colcon.colcon_core.package_discovery:discover_packages(recursive) discover
[1.218s] INFO:colcon.colcon_core.package_discovery:Crawling recursively for packages in '/home/bob/exo_ws'
[1.219s] Level 1:colcon.colcon_core.package_identification:_identify(.) by extensions ['ignore', 'ignore_ament_install']
[1.219s] Level 1:colcon.colcon_core.package_identification:_identify(.) by extension 'ignore'
[1.220s] Level 1:colcon.colcon_core.package_identification:_identify(.) by extension 'ignore_ament_install'
[1.220s] Level 1:colcon.colcon_core.package_identification:_identify(.) by extensions ['colcon_pkg']
[1.220s] Level 1:colcon.colcon_core.package_identification:_identify(.) by extension 'colcon_pkg'
[1.221s] Level 1:colcon.colcon_core.package_identification:_identify(.) by extensions ['colcon_meta']
[1.221s] Level 1:colcon.colcon_core.package_identification:_identify(.) by extension 'colcon_meta'
[1.221s] Level 1:colcon.colcon_core.package_identification:_identify(.) by extensions ['ros']
[1.221s] Level 1:colcon.colcon_core.package_identification:_identify(.) by extension 'ros'
[1.275s] Level 1:colcon.colcon_core.package_identification:_identify(.) by extensions ['cmake', 'python']
[1.276s] Level 1:colcon.colcon_core.package_identification:_identify(.) by extension 'cmake'
[1.276s] Level 1:colcon.colcon_core.package_identification:_identify(.) by extension 'python'
[1.276s] Level 1:colcon.colcon_core.package_identification:_identify(.) by extensions ['python_setup_py']
[1.276s] Level 1:colcon.colcon_core.package_identification:_identify(.) by extension 'python_setup_py'
[1.277s] Level 1:colcon.colcon_core.package_identification:_identify(build) by extensions ['ignore', 'ignore_ament_install']
[1.277s] Level 1:colcon.colcon_core.package_identification:_identify(build) by extension 'ignore'
[1.277s] Level 1:colcon.colcon_core.package_identification:_identify(build) ignored
[1.278s] Level 1:colcon.colcon_core.package_identification:_identify(install) by extensions ['ignore', 'ignore_ament_install']
[1.278s] Level 1:colcon.colcon_core.package_identification:_identify(install) by extension 'ignore'
[1.279s] Level 1:colcon.colcon_core.package_identification:_identify(install) ignored
[1.279s] Level 1:colcon.colcon_core.package_identification:_identify(log) by extensions ['ignore', 'ignore_ament_install']
[1.279s] Level 1:colcon.colcon_core.package_identification:_identify(log) by extension 'ignore'
[1.280s] Level 1:colcon.colcon_core.package_identification:_identify(log) ignored
[1.280s] Level 1:colcon.colcon_core.package_identification:_identify(src) by extensions ['ignore', 'ignore_ament_install']
[1.280s] Level 1:colcon.colcon_core.package_identification:_identify(src) by extension 'ignore'
[1.281s] Level 1:colcon.colcon_core.package_identification:_identify(src) by extension 'ignore_ament_install'
[1.281s] Level 1:colcon.colcon_core.package_identification:_identify(src) by extensions ['colcon_pkg']
[1.281s] Level 1:colcon.colcon_core.package_identification:_identify(src) by extension 'colcon_pkg'
[1.281s] Level 1:colcon.colcon_core.package_identification:_identify(src) by extensions ['colcon_meta']
[1.282s] Level 1:colcon.colcon_core.package_identification:_identify(src) by extension 'colcon_meta'
[1.282s] Level 1:colcon.colcon_core.package_identification:_identify(src) by extensions ['ros']
[1.282s] Level 1:colcon.colcon_core.package_identification:_identify(src) by extension 'ros'
[1.282s] Level 1:colcon.colcon_core.package_identification:_identify(src) by extensions ['cmake', 'python']
[1.283s] Level 1:colcon.colcon_core.package_identification:_identify(src) by extension 'cmake'
[1.283s] Level 1:colcon.colcon_core.package_identification:_identify(src) by extension 'python'
[1.283s] Level 1:colcon.colcon_core.package_identification:_identify(src) by extensions ['python_setup_py']
[1.283s] Level 1:colcon.colcon_core.package_identification:_identify(src) by extension 'python_setup_py'
[1.284s] Level 1:colcon.colcon_core.package_identification:_identify(src/exo_urdf) by extensions ['ignore', 'ignore_ament_install']
[1.284s] Level 1:colcon.colcon_core.package_identification:_identify(src/exo_urdf) by extension 'ignore'
[1.285s] Level 1:colcon.colcon_core.package_identification:_identify(src/exo_urdf) by extension 'ignore_ament_install'
[1.285s] Level 1:colcon.colcon_core.package_identification:_identify(src/exo_urdf) by extensions ['colcon_pkg']
[1.285s] Level 1:colcon.colcon_core.package_identification:_identify(src/exo_urdf) by extension 'colcon_pkg'
[1.285s] Level 1:colcon.colcon_core.package_identification:_identify(src/exo_urdf) by extensions ['colcon_meta']
[1.286s] Level 1:colcon.colcon_core.package_identification:_identify(src/exo_urdf) by extension 'colcon_meta'
[1.286s] Level 1:colcon.colcon_core.package_identification:_identify(src/exo_urdf) by extensions ['ros']
[1.286s] Level 1:colcon.colcon_core.package_identification:_identify(src/exo_urdf) by extension 'ros'
[1.299s] DEBUG:colcon.colcon_core.package_identification:Package 'src/exo_urdf' with type 'ros.ament_cmake' and name 'exo_urdf'
[1.299s] Level 1:colcon.colcon_core.package_discovery:discover_packages(recursive) using defaults
[1.300s] Level 1:colcon.colcon_core.package_discovery:discover_packages(ignore) discover
[1.300s] Level 1:colcon.colcon_core.package_discovery:discover_packages(ignore) using defaults
[1.300s] Level 1:colcon.colcon_core.package_discovery:discover_packages(path) discover
[1.301s] Level 1:colcon.colcon_core.package_discovery:discover_packages(path) using defaults
[1.389s] Level 1:colcon.colcon_core.package_discovery:discover_packages(prefix_path) check parameters
[1.389s] Level 1:colcon.colcon_core.package_discovery:discover_packages(prefix_path) discover
[1.397s] DEBUG:colcon.colcon_installed_package_information.package_discovery:Found 1 installed packages in /home/bob/exo_ws/install
[1.403s] DEBUG:colcon.colcon_installed_package_information.package_discovery:Found 328 installed packages in /opt/ros/humble
[1.448s] Level 1:colcon.colcon_core.package_discovery:discover_packages(prefix_path) using defaults
[1.639s] Level 5:colcon.colcon_core.verb:set package 'exo_urdf' build argument 'cmake_args' from command line to 'None'
[1.639s] Level 5:colcon.colcon_core.verb:set package 'exo_urdf' build argument 'cmake_target' from command line to 'None'
[1.639s] Level 5:colcon.colcon_core.verb:set package 'exo_urdf' build argument 'cmake_target_skip_unavailable' from command line to 'False'
[1.640s] Level 5:colcon.colcon_core.verb:set package 'exo_urdf' build argument 'cmake_clean_cache' from command line to 'False'
[1.640s] Level 5:colcon.colcon_core.verb:set package 'exo_urdf' build argument 'cmake_clean_first' from command line to 'False'
[1.640s] Level 5:colcon.colcon_core.verb:set package 'exo_urdf' build argument 'cmake_force_configure' from command line to 'False'
[1.640s] Level 5:colcon.colcon_core.verb:set package 'exo_urdf' build argument 'ament_cmake_args' from command line to 'None'
[1.640s] Level 5:colcon.colcon_core.verb:set package 'exo_urdf' build argument 'catkin_cmake_args' from command line to 'None'
[1.640s] Level 5:colcon.colcon_core.verb:set package 'exo_urdf' build argument 'catkin_skip_building_tests' from command line to 'False'
[1.640s] DEBUG:colcon.colcon_core.verb:Building package 'exo_urdf' with the following arguments: {'ament_cmake_args': None, 'build_base': '/home/bob/exo_ws/build/exo_urdf', 'catkin_cmake_args': None, 'catkin_skip_building_tests': False, 'cmake_args': None, 'cmake_clean_cache': False, 'cmake_clean_first': False, 'cmake_force_configure': False, 'cmake_target': None, 'cmake_target_skip_unavailable': False, 'install_base': '/home/bob/exo_ws/install/exo_urdf', 'merge_install': False, 'path': '/home/bob/exo_ws/src/exo_urdf', 'symlink_install': True, 'test_result_base': None}
[1.641s] INFO:colcon.colcon_core.executor:Executing jobs using 'parallel' executor
[1.644s] DEBUG:colcon.colcon_parallel_executor.executor.parallel:run_until_complete
[1.645s] INFO:colcon.colcon_ros.task.ament_cmake.build:Building ROS package in '/home/bob/exo_ws/src/exo_urdf' with build type 'ament_cmake'
[1.645s] INFO:colcon.colcon_cmake.task.cmake.build:Building CMake package in '/home/bob/exo_ws/src/exo_urdf'
[1.653s] INFO:colcon.colcon_core.plugin_system:Skipping extension 'colcon_core.shell.bat': Not used on non-Windows systems
[1.654s] INFO:colcon.colcon_core.shell:Skip shell extension 'powershell' for command environment: Not usable outside of PowerShell
[1.654s] DEBUG:colcon.colcon_core.shell:Skip shell extension 'dsv' for command environment
[1.690s] DEBUG:colcon.colcon_core.event_handler.log_command:Invoking command in '/home/bob/exo_ws/build/exo_urdf': CMAKE_PREFIX_PATH=${CMAKE_PREFIX_PATH}:/opt/ros/humble /usr/bin/cmake --build /home/bob/exo_ws/build/exo_urdf -- -j8 -l8
[1.851s] DEBUG:colcon.colcon_core.event_handler.log_command:Invoked command in '/home/bob/exo_ws/build/exo_urdf' returned '0': CMAKE_PREFIX_PATH=${CMAKE_PREFIX_PATH}:/opt/ros/humble /usr/bin/cmake --build /home/bob/exo_ws/build/exo_urdf -- -j8 -l8
[1.893s] DEBUG:colcon.colcon_core.event_handler.log_command:Invoking command in '/home/bob/exo_ws/build/exo_urdf': CMAKE_PREFIX_PATH=${CMAKE_PREFIX_PATH}:/opt/ros/humble /usr/bin/cmake --install /home/bob/exo_ws/build/exo_urdf
[1.981s] Level 1:colcon.colcon_core.environment:create_environment_scripts_only(exo_urdf)
[1.983s] DEBUG:colcon.colcon_core.event_handler.log_command:Invoked command in '/home/bob/exo_ws/build/exo_urdf' returned '0': CMAKE_PREFIX_PATH=${CMAKE_PREFIX_PATH}:/opt/ros/humble /usr/bin/cmake --install /home/bob/exo_ws/build/exo_urdf
[1.994s] Level 1:colcon.colcon_core.environment:checking '/home/bob/exo_ws/install/exo_urdf' for CMake module files
[1.996s] Level 1:colcon.colcon_core.environment:checking '/home/bob/exo_ws/install/exo_urdf' for CMake config files
[1.998s] Level 1:colcon.colcon_core.shell:create_environment_hook('exo_urdf', 'cmake_prefix_path')
[1.999s] INFO:colcon.colcon_core.shell:Creating environment hook '/home/bob/exo_ws/install/exo_urdf/share/exo_urdf/hook/cmake_prefix_path.ps1'
[2.003s] INFO:colcon.colcon_core.shell:Creating environment descriptor '/home/bob/exo_ws/install/exo_urdf/share/exo_urdf/hook/cmake_prefix_path.dsv'
[2.005s] INFO:colcon.colcon_core.shell:Creating environment hook '/home/bob/exo_ws/install/exo_urdf/share/exo_urdf/hook/cmake_prefix_path.sh'
[2.009s] Level 1:colcon.colcon_core.environment:checking '/home/bob/exo_ws/install/exo_urdf/bin'
[2.010s] Level 1:colcon.colcon_core.environment:checking '/home/bob/exo_ws/install/exo_urdf/lib/pkgconfig/exo_urdf.pc'
[2.011s] Level 1:colcon.colcon_core.environment:checking '/home/bob/exo_ws/install/exo_urdf/lib/python3.10/site-packages'
[2.011s] Level 1:colcon.colcon_core.environment:checking '/home/bob/exo_ws/install/exo_urdf/bin'
[2.013s] INFO:colcon.colcon_core.shell:Creating package script '/home/bob/exo_ws/install/exo_urdf/share/exo_urdf/package.ps1'
[2.018s] INFO:colcon.colcon_core.shell:Creating package descriptor '/home/bob/exo_ws/install/exo_urdf/share/exo_urdf/package.dsv'
[2.021s] INFO:colcon.colcon_core.shell:Creating package script '/home/bob/exo_ws/install/exo_urdf/share/exo_urdf/package.sh'
[2.024s] INFO:colcon.colcon_core.shell:Creating package script '/home/bob/exo_ws/install/exo_urdf/share/exo_urdf/package.bash'
[2.027s] INFO:colcon.colcon_core.shell:Creating package script '/home/bob/exo_ws/install/exo_urdf/share/exo_urdf/package.zsh'
[2.030s] Level 1:colcon.colcon_core.environment:create_file_with_runtime_dependencies(/home/bob/exo_ws/install/exo_urdf/share/colcon-core/packages/exo_urdf)
[2.033s] Level 1:colcon.colcon_core.environment:create_environment_scripts_only(exo_urdf)
[2.034s] Level 1:colcon.colcon_core.environment:checking '/home/bob/exo_ws/install/exo_urdf' for CMake module files
[2.037s] Level 1:colcon.colcon_core.environment:checking '/home/bob/exo_ws/install/exo_urdf' for CMake config files
[2.038s] Level 1:colcon.colcon_core.shell:create_environment_hook('exo_urdf', 'cmake_prefix_path')
[2.039s] INFO:colcon.colcon_core.shell:Creating environment hook '/home/bob/exo_ws/install/exo_urdf/share/exo_urdf/hook/cmake_prefix_path.ps1'
[2.041s] INFO:colcon.colcon_core.shell:Creating environment descriptor '/home/bob/exo_ws/install/exo_urdf/share/exo_urdf/hook/cmake_prefix_path.dsv'
[2.043s] INFO:colcon.colcon_core.shell:Creating environment hook '/home/bob/exo_ws/install/exo_urdf/share/exo_urdf/hook/cmake_prefix_path.sh'
[2.045s] Level 1:colcon.colcon_core.environment:checking '/home/bob/exo_ws/install/exo_urdf/bin'
[2.045s] Level 1:colcon.colcon_core.environment:checking '/home/bob/exo_ws/install/exo_urdf/lib/pkgconfig/exo_urdf.pc'
[2.046s] Level 1:colcon.colcon_core.environment:checking '/home/bob/exo_ws/install/exo_urdf/lib/python3.10/site-packages'
[2.047s] Level 1:colcon.colcon_core.environment:checking '/home/bob/exo_ws/install/exo_urdf/bin'
[2.048s] INFO:colcon.colcon_core.shell:Creating package script '/home/bob/exo_ws/install/exo_urdf/share/exo_urdf/package.ps1'
[2.051s] INFO:colcon.colcon_core.shell:Creating package descriptor '/home/bob/exo_ws/install/exo_urdf/share/exo_urdf/package.dsv'
[2.054s] INFO:colcon.colcon_core.shell:Creating package script '/home/bob/exo_ws/install/exo_urdf/share/exo_urdf/package.sh'
[2.056s] INFO:colcon.colcon_core.shell:Creating package script '/home/bob/exo_ws/install/exo_urdf/share/exo_urdf/package.bash'
[2.058s] INFO:colcon.colcon_core.shell:Creating package script '/home/bob/exo_ws/install/exo_urdf/share/exo_urdf/package.zsh'
[2.060s] Level 1:colcon.colcon_core.environment:create_file_with_runtime_dependencies(/home/bob/exo_ws/install/exo_urdf/share/colcon-core/packages/exo_urdf)
[2.061s] DEBUG:colcon.colcon_parallel_executor.executor.parallel:closing loop
[2.062s] DEBUG:colcon.colcon_parallel_executor.executor.parallel:loop closed
[2.063s] DEBUG:colcon.colcon_parallel_executor.executor.parallel:run_until_complete finished with '0'
[2.063s] DEBUG:colcon.colcon_core.event_reactor:joining thread
[2.094s] INFO:colcon.colcon_core.plugin_system:Skipping extension 'colcon_notification.desktop_notification.terminal_notifier': Not used on non-Darwin systems
[2.095s] INFO:colcon.colcon_core.plugin_system:Skipping extension 'colcon_notification.desktop_notification.win32': Not used on non-Windows systems
[2.095s] INFO:colcon.colcon_notification.desktop_notification:Sending desktop notification using 'notify2'
[2.126s] DEBUG:colcon.colcon_core.event_reactor:joined thread
[2.127s] INFO:colcon.colcon_core.shell:Creating prefix script '/home/bob/exo_ws/install/local_setup.ps1'
[2.134s] INFO:colcon.colcon_core.shell:Creating prefix util module '/home/bob/exo_ws/install/_local_setup_util_ps1.py'
[2.140s] INFO:colcon.colcon_core.shell:Creating prefix chain script '/home/bob/exo_ws/install/setup.ps1'
[2.145s] INFO:colcon.colcon_core.shell:Creating prefix script '/home/bob/exo_ws/install/local_setup.sh'
[2.148s] INFO:colcon.colcon_core.shell:Creating prefix util module '/home/bob/exo_ws/install/_local_setup_util_sh.py'
[2.151s] INFO:colcon.colcon_core.shell:Creating prefix chain script '/home/bob/exo_ws/install/setup.sh'
[2.155s] INFO:colcon.colcon_core.shell:Creating prefix script '/home/bob/exo_ws/install/local_setup.bash'
[2.157s] INFO:colcon.colcon_core.shell:Creating prefix chain script '/home/bob/exo_ws/install/setup.bash'
[2.162s] INFO:colcon.colcon_core.shell:Creating prefix script '/home/bob/exo_ws/install/local_setup.zsh'
[2.165s] INFO:colcon.colcon_core.shell:Creating prefix chain script '/home/bob/exo_ws/install/setup.zsh'
