[0.009s] Invoking command in '/home/bob/exo_ws/build/exoskeleton_description': /usr/bin/cmake /home/bob/exo_ws/src/exoskeleton_description -DCATKIN_INSTALL_INTO_PREFIX_ROOT=0 -DCATKIN_SYMLINK_INSTALL=ON -DCMAKE_INSTALL_PREFIX=/home/bob/exo_ws/install/exoskeleton_description
[0.020s] -- Found ament_cmake: 1.3.11 (/opt/ros/humble/share/ament_cmake/cmake)
[0.131s] -- Override CMake install command with custom implementation using symlinks instead of copying resources
[0.137s] -- Found robot_state_publisher: 3.0.3 (/opt/ros/humble/share/robot_state_publisher/cmake)
[0.161s] -- Found rosidl_generator_c: 3.1.6 (/opt/ros/humble/share/rosidl_generator_c/cmake)
[0.164s] -- Found rosidl_adapter: 3.1.6 (/opt/ros/humble/share/rosidl_adapter/cmake)
[0.169s] -- Found rosidl_generator_cpp: 3.1.6 (/opt/ros/humble/share/rosidl_generator_cpp/cmake)
[0.179s] -- Using all available rosidl_typesupport_c: rosidl_typesupport_fastrtps_c;rosidl_typesupport_introspection_c
[0.192s] -- Using all available rosidl_typesupport_cpp: rosidl_typesupport_fastrtps_cpp;rosidl_typesupport_introspection_cpp
[0.233s] -- Found eigen3_cmake_module: 0.1.1 (/opt/ros/humble/share/eigen3_cmake_module/cmake)
[0.234s] -- Ensuring Eigen3 include directory is part of orocos-kdl CMake target
[0.266s] -- Found rmw_implementation_cmake: 6.1.2 (/opt/ros/humble/share/rmw_implementation_cmake/cmake)
[0.267s] -- Found rmw_fastrtps_cpp: 6.2.7 (/opt/ros/humble/share/rmw_fastrtps_cpp/cmake)
[0.361s] -- Using RMW implementation 'rmw_fastrtps_cpp' as default
[0.536s] -- Found rviz2: 11.2.16 (/opt/ros/humble/share/rviz2/cmake)
[0.537s] -- Found xacro: 2.0.13 (/opt/ros/humble/share/xacro/cmake)
[0.601s] -- Configuring done
[0.605s] -- Generating done
[0.607s] [33mCMake Warning:
[0.607s]   Manually-specified variables were not used by the project:
[0.607s] 
[0.607s]     CATKIN_SYMLINK_INSTALL
[0.607s] 
[0.607s] [0m
[0.608s] -- Build files have been written to: /home/bob/exo_ws/build/exoskeleton_description
[0.615s] Invoked command in '/home/bob/exo_ws/build/exoskeleton_description' returned '0': /usr/bin/cmake /home/bob/exo_ws/src/exoskeleton_description -DCATKIN_INSTALL_INTO_PREFIX_ROOT=0 -DCATKIN_SYMLINK_INSTALL=ON -DCMAKE_INSTALL_PREFIX=/home/bob/exo_ws/install/exoskeleton_description
[0.617s] Invoking command in '/home/bob/exo_ws/build/exoskeleton_description': /usr/bin/cmake --build /home/bob/exo_ws/build/exoskeleton_description -- -j8 -l8
[0.651s] Invoked command in '/home/bob/exo_ws/build/exoskeleton_description' returned '0': /usr/bin/cmake --build /home/bob/exo_ws/build/exoskeleton_description -- -j8 -l8
[0.660s] Invoking command in '/home/bob/exo_ws/build/exoskeleton_description': /usr/bin/cmake --install /home/bob/exo_ws/build/exoskeleton_description
[0.666s] -- Install configuration: ""
[0.667s] -- Execute custom install script
[0.667s] -- Up-to-date symlink: /home/bob/exo_ws/install/exoskeleton_description/share/exoskeleton_description/urdf/exo.urdf
[0.667s] -- Up-to-date symlink: /home/bob/exo_ws/install/exoskeleton_description/share/exoskeleton_description/urdf/exo.urdfdir
[0.667s] -- Up-to-date symlink: /home/bob/exo_ws/install/exoskeleton_description/share/exoskeleton_description/urdf/exo.xacro
[0.667s] -- Up-to-date symlink: /home/bob/exo_ws/install/exoskeleton_description/share/exoskeleton_description/launch/display.launch.py
[0.668s] [31mCMake Error at ament_cmake_symlink_install/ament_cmake_symlink_install.cmake:100 (message):
[0.668s]   ament_cmake_symlink_install_directory() can't find
[0.668s]   '/home/bob/exo_ws/src/exoskeleton_description/rviz'
[0.668s] Call Stack (most recent call first):
[0.668s]   ament_cmake_symlink_install/ament_cmake_symlink_install.cmake:320 (ament_cmake_symlink_install_directory)
[0.668s]   cmake_install.cmake:46 (include)
[0.668s] 
[0.668s] [0m
[0.669s] Invoked command in '/home/bob/exo_ws/build/exoskeleton_description' returned '1': /usr/bin/cmake --install /home/bob/exo_ws/build/exoskeleton_description
