-- Install configuration: ""
-- Execute custom install script
-- Up-to-date symlink: /home/bob/exo_ws/install/exoskeleton_description/share/exoskeleton_description/urdf/exo.urdf
-- Up-to-date symlink: /home/bob/exo_ws/install/exoskeleton_description/share/exoskeleton_description/urdf/exo.urdfdir
-- Up-to-date symlink: /home/bob/exo_ws/install/exoskeleton_description/share/exoskeleton_description/urdf/exo.xacro
-- Up-to-date symlink: /home/bob/exo_ws/install/exoskeleton_description/share/exoskeleton_description/launch/display.launch.py
-- Up-to-date symlink: /home/bob/exo_ws/install/exoskeleton_description/share/exoskeleton_description/rviz/urdf.rviz
-- Up-to-date symlink: /home/bob/exo_ws/install/exoskeleton_description/share/ament_index/resource_index/package_run_dependencies/exoskeleton_description
-- Up-to-date symlink: /home/bob/exo_ws/install/exoskeleton_description/share/ament_index/resource_index/parent_prefix_path/exoskeleton_description
-- Up-to-date symlink: /home/bob/exo_ws/install/exoskeleton_description/share/exoskeleton_description/environment/ament_prefix_path.sh
-- Up-to-date symlink: /home/bob/exo_ws/install/exoskeleton_description/share/exoskeleton_description/environment/ament_prefix_path.dsv
-- Up-to-date symlink: /home/bob/exo_ws/install/exoskeleton_description/share/exoskeleton_description/environment/path.sh
-- Up-to-date symlink: /home/bob/exo_ws/install/exoskeleton_description/share/exoskeleton_description/environment/path.dsv
-- Up-to-date symlink: /home/bob/exo_ws/install/exoskeleton_description/share/exoskeleton_description/local_setup.bash
-- Up-to-date symlink: /home/bob/exo_ws/install/exoskeleton_description/share/exoskeleton_description/local_setup.sh
-- Up-to-date symlink: /home/bob/exo_ws/install/exoskeleton_description/share/exoskeleton_description/local_setup.zsh
-- Up-to-date symlink: /home/bob/exo_ws/install/exoskeleton_description/share/exoskeleton_description/local_setup.dsv
-- Symlinking: /home/bob/exo_ws/install/exoskeleton_description/share/exoskeleton_description/package.dsv
-- Up-to-date symlink: /home/bob/exo_ws/install/exoskeleton_description/share/ament_index/resource_index/packages/exoskeleton_description
-- Up-to-date symlink: /home/bob/exo_ws/install/exoskeleton_description/share/exoskeleton_description/cmake/exoskeleton_descriptionConfig.cmake
-- Up-to-date symlink: /home/bob/exo_ws/install/exoskeleton_description/share/exoskeleton_description/cmake/exoskeleton_descriptionConfig-version.cmake
-- Up-to-date symlink: /home/bob/exo_ws/install/exoskeleton_description/share/exoskeleton_description/package.xml
