[0.009s] Invoking command in '/home/bob/exo_ws/build/exoskeleton_description': /usr/bin/cmake --build /home/bob/exo_ws/build/exoskeleton_description -- -j8 -l8
[0.041s] Invoked command in '/home/bob/exo_ws/build/exoskeleton_description' returned '0': /usr/bin/cmake --build /home/bob/exo_ws/build/exoskeleton_description -- -j8 -l8
[0.049s] Invoking command in '/home/bob/exo_ws/build/exoskeleton_description': /usr/bin/cmake --install /home/bob/exo_ws/build/exoskeleton_description
[0.055s] -- Install configuration: ""
[0.055s] -- Execute custom install script
[0.055s] -- Up-to-date symlink: /home/bob/exo_ws/install/exoskeleton_description/share/exoskeleton_description/urdf/exo.urdf
[0.056s] -- Up-to-date symlink: /home/bob/exo_ws/install/exoskeleton_description/share/exoskeleton_description/urdf/exo.urdfdir
[0.056s] -- Up-to-date symlink: /home/bob/exo_ws/install/exoskeleton_description/share/exoskeleton_description/urdf/exo.xacro
[0.056s] -- Up-to-date symlink: /home/bob/exo_ws/install/exoskeleton_description/share/exoskeleton_description/launch/display.launch.py
[0.056s] -- Up-to-date symlink: /home/bob/exo_ws/install/exoskeleton_description/share/exoskeleton_description/rviz/urdf.rviz
[0.056s] -- Up-to-date symlink: /home/bob/exo_ws/install/exoskeleton_description/share/ament_index/resource_index/package_run_dependencies/exoskeleton_description
[0.056s] -- Up-to-date symlink: /home/bob/exo_ws/install/exoskeleton_description/share/ament_index/resource_index/parent_prefix_path/exoskeleton_description
[0.057s] -- Up-to-date symlink: /home/bob/exo_ws/install/exoskeleton_description/share/exoskeleton_description/environment/ament_prefix_path.sh
[0.057s] -- Up-to-date symlink: /home/bob/exo_ws/install/exoskeleton_description/share/exoskeleton_description/environment/ament_prefix_path.dsv
[0.057s] -- Up-to-date symlink: /home/bob/exo_ws/install/exoskeleton_description/share/exoskeleton_description/environment/path.sh
[0.057s] -- Up-to-date symlink: /home/bob/exo_ws/install/exoskeleton_description/share/exoskeleton_description/environment/path.dsv
[0.057s] -- Up-to-date symlink: /home/bob/exo_ws/install/exoskeleton_description/share/exoskeleton_description/local_setup.bash
[0.057s] -- Up-to-date symlink: /home/bob/exo_ws/install/exoskeleton_description/share/exoskeleton_description/local_setup.sh
[0.057s] -- Up-to-date symlink: /home/bob/exo_ws/install/exoskeleton_description/share/exoskeleton_description/local_setup.zsh
[0.057s] -- Up-to-date symlink: /home/bob/exo_ws/install/exoskeleton_description/share/exoskeleton_description/local_setup.dsv
[0.057s] -- Symlinking: /home/bob/exo_ws/install/exoskeleton_description/share/exoskeleton_description/package.dsv
[0.064s] -- Up-to-date symlink: /home/bob/exo_ws/install/exoskeleton_description/share/ament_index/resource_index/packages/exoskeleton_description
[0.065s] -- Up-to-date symlink: /home/bob/exo_ws/install/exoskeleton_description/share/exoskeleton_description/cmake/exoskeleton_descriptionConfig.cmake
[0.065s] -- Up-to-date symlink: /home/bob/exo_ws/install/exoskeleton_description/share/exoskeleton_description/cmake/exoskeleton_descriptionConfig-version.cmake
[0.065s] -- Up-to-date symlink: /home/bob/exo_ws/install/exoskeleton_description/share/exoskeleton_description/package.xml
[0.066s] Invoked command in '/home/bob/exo_ws/build/exoskeleton_description' returned '0': /usr/bin/cmake --install /home/bob/exo_ws/build/exoskeleton_description
