[0.009s] Invoking command in '/home/bob/exo_ws/build/gz_ros2_control': CMAKE_PREFIX_PATH=${CMAKE_PREFIX_PATH}:/opt/ros/humble /usr/bin/cmake /home/bob/exo_ws/src/gz_ros2_control/gz_ros2_control -DAMENT_CMAKE_SYMLINK_INSTALL=1 -DCMAKE_INSTALL_PREFIX=/home/bob/exo_ws/install/gz_ros2_control
[0.059s] -- The C compiler identification is GNU 11.4.0
[0.113s] -- The CXX compiler identification is GNU 11.4.0
[0.120s] -- Detecting C compiler ABI info
[0.185s] -- Detecting C compiler ABI info - done
[0.194s] -- Check for working C compiler: /usr/bin/cc - skipped
[0.194s] -- Detecting C compile features
[0.195s] -- Detecting C compile features - done
[0.198s] -- Detecting CXX compiler ABI info
[0.270s] -- Detecting CXX compiler ABI info - done
[0.281s] -- Check for working CXX compiler: /usr/bin/c++ - skipped
[0.282s] -- Detecting CXX compile features
[0.282s] -- Detecting CXX compile features - done
[0.284s] -- Found ament_cmake: 1.3.11 (/opt/ros/humble/share/ament_cmake/cmake)
[0.462s] -- Found Python3: /usr/bin/python3 (found version "3.10.12") found components: Interpreter 
[0.534s] -- Override CMake install command with custom implementation using symlinks instead of copying resources
[0.559s] -- Found ament_index_cpp: 1.4.0 (/opt/ros/humble/share/ament_index_cpp/cmake)
[0.562s] -- Found controller_manager: 2.49.0 (/opt/ros/humble/share/controller_manager/cmake)
[0.616s] -- Found rosidl_generator_c: 3.1.6 (/opt/ros/humble/share/rosidl_generator_c/cmake)
[0.621s] -- Found rosidl_adapter: 3.1.6 (/opt/ros/humble/share/rosidl_adapter/cmake)
[0.630s] -- Found rosidl_generator_cpp: 3.1.6 (/opt/ros/humble/share/rosidl_generator_cpp/cmake)
[0.644s] -- Using all available rosidl_typesupport_c: rosidl_typesupport_fastrtps_c;rosidl_typesupport_introspection_c
[0.659s] -- Using all available rosidl_typesupport_cpp: rosidl_typesupport_fastrtps_cpp;rosidl_typesupport_introspection_cpp
[0.890s] -- Found rmw_implementation_cmake: 6.1.2 (/opt/ros/humble/share/rmw_implementation_cmake/cmake)
[0.892s] -- Found rmw_fastrtps_cpp: 6.2.7 (/opt/ros/humble/share/rmw_fastrtps_cpp/cmake)
[0.915s] -- Found TinyXML2 via Config file: TinyXML2_DIR-NOTFOUND
[0.961s] -- Found OpenSSL: /usr/lib/x86_64-linux-gnu/libcrypto.so (found version "3.0.2")  
[0.964s] -- Found TinyXML2 via Config file: TinyXML2_DIR-NOTFOUND
[0.980s] -- Found FastRTPS: /opt/ros/humble/include  
[0.984s] -- Found TinyXML2 via Config file: TinyXML2_DIR-NOTFOUND
[0.992s] -- Found TinyXML2 via Config file: TinyXML2_DIR-NOTFOUND
[1.000s] -- Using RMW implementation 'rmw_fastrtps_cpp' as default
[1.007s] -- Looking for pthread.h
[1.066s] -- Looking for pthread.h - found
[1.066s] -- Performing Test CMAKE_HAVE_LIBC_PTHREAD
[1.127s] -- Performing Test CMAKE_HAVE_LIBC_PTHREAD - Success
[1.128s] -- Found Threads: TRUE  
[1.236s] -- Found yaml_cpp_vendor: 8.0.2 (/opt/ros/humble/share/yaml_cpp_vendor/cmake)
[1.241s] -- Looking for ignition-gazebo6 -- found version 6.17.0
[1.251s] -- Searching for dependencies of ignition-gazebo6
[1.252s] -- Looking for sdformat12 -- found version 12.8.0
[1.253s] -- Searching for dependencies of sdformat12
[1.258s] -- Checking for module 'tinyxml2'
[1.269s] --   Found tinyxml2, version 9.0.0
[1.296s] -- Looking for ignition-math6 -- found version 6.15.1
[1.296s] -- Searching for dependencies of ignition-math6
[1.299s] -- Looking for ignition-utils1 -- found version 1.5.1
[1.299s] -- Searching for dependencies of ignition-utils1
[1.302s] -- Looking for ignition-plugin1 -- found version 1.4.0
[1.302s] -- Searching for dependencies of ignition-plugin1
[1.302s] -- Searching for <ignition-plugin1> component [loader]
[1.304s] -- Looking for ignition-plugin1-loader -- found version 1.4.0
[1.304s] -- Searching for dependencies of ignition-plugin1-loader
[1.305s] -- Searching for <ignition-plugin1> component [register]
[1.306s] -- Looking for ignition-plugin1-register -- found version 1.4.0
[1.307s] -- Searching for dependencies of ignition-plugin1-register
[1.309s] -- Looking for ignition-transport11 -- found version 11.4.1
[1.309s] -- Searching for dependencies of ignition-transport11
[1.339s] -- Found Protobuf: /usr/lib/x86_64-linux-gnu/libprotobuf.so (found version "3.12.4") 
[1.355s] -- Config-file not installed for ZeroMQ -- checking for pkg-config
[1.360s] -- Checking for module 'libzmq >= 4'
[1.374s] --   Found libzmq , version 4.3.4
[1.403s] -- Found ZeroMQ: TRUE (Required is at least version "4") 
[1.409s] -- Checking for module 'uuid'
[1.419s] --   Found uuid, version 2.37.2
[1.445s] -- Found UUID: TRUE  
[1.445s] -- Looking for ignition-utils1 -- found version 1.5.1
[1.446s] -- Searching for dependencies of ignition-utils1
[1.446s] -- Searching for <ignition-utils1> component [cli]
[1.447s] -- Looking for ignition-utils1-cli -- found version 1.5.1
[1.448s] -- Searching for dependencies of ignition-utils1-cli
[1.450s] -- Looking for ignition-msgs8 -- found version 8.7.0
[1.450s] -- Searching for dependencies of ignition-msgs8
[1.466s] -- Found Protobuf: /usr/lib/x86_64-linux-gnu/libprotobuf.so (found suitable version "3.12.4", minimum required is "3") 
[1.466s] -- Looking for ignition-math6 -- found version 6.15.1
[1.473s] -- Searching for <ignition-transport11> component [log]
[1.475s] -- Looking for ignition-transport11-log -- found version 11.4.1
[1.475s] -- Searching for dependencies of ignition-transport11-log
[1.476s] -- Searching for <ignition-transport11> component [parameters]
[1.477s] -- Looking for ignition-transport11-parameters -- found version 11.4.1
[1.478s] -- Searching for dependencies of ignition-transport11-parameters
[1.479s] -- Looking for ignition-msgs8 -- found version 8.7.0
[1.480s] -- Looking for ignition-common4 -- found version 4.7.0
[1.481s] -- Searching for dependencies of ignition-common4
[1.481s] -- Looking for dlfcn.h - found
[1.482s] -- Looking for libdl - found
[1.483s] -- Found DL: TRUE  
[1.491s] -- Searching for <ignition-common4> component [profiler]
[1.492s] -- Looking for ignition-common4-profiler -- found version 4.7.0
[1.493s] -- Searching for dependencies of ignition-common4-profiler
[1.493s] -- Searching for <ignition-common4> component [events]
[1.495s] -- Looking for ignition-common4-events -- found version 4.7.0
[1.495s] -- Searching for dependencies of ignition-common4-events
[1.496s] -- Looking for ignition-math6 -- found version 6.15.1
[1.496s] -- Searching for <ignition-common4> component [av]
[1.498s] -- Looking for ignition-common4-av -- found version 4.7.0
[1.498s] -- Searching for dependencies of ignition-common4-av
[1.503s] -- Checking for module 'libswscale'
[1.514s] --   Found libswscale, version 5.9.100
[1.539s] -- Found SWSCALE: TRUE  
[1.544s] -- Checking for module 'libavdevice >= 56.4.100'
[1.555s] --   Found libavdevice , version 58.13.100
[1.582s] -- Found AVDEVICE: TRUE (Required is at least version "56.4.100") 
[1.587s] -- Checking for module 'libavformat'
[1.597s] --   Found libavformat, version 58.76.100
[1.622s] -- Found AVFORMAT: TRUE  
[1.627s] -- Checking for module 'libavcodec'
[1.638s] --   Found libavcodec, version 58.134.100
[1.665s] -- Found AVCODEC: TRUE  
[1.670s] -- Checking for module 'libavutil'
[1.679s] --   Found libavutil, version 56.70.100
[1.703s] -- Found AVUTIL: TRUE  
[1.706s] -- Looking for ignition-fuel_tools7 -- found version 7.3.1
[1.707s] -- Searching for dependencies of ignition-fuel_tools7
[1.769s] -- Found CURL: /usr/lib/x86_64-linux-gnu/libcurl.so (found version "7.81.0")  
[1.779s] -- Checking for module 'jsoncpp'
[1.789s] --   Found jsoncpp, version 1.9.5
[1.813s] -- Found JSONCPP: TRUE  
[1.818s] -- Checking for module 'libzip'
[1.828s] --   Found libzip, version 1.7.3
[1.854s] -- Found ZIP: TRUE  
[1.854s] -- Looking for ignition-common4 -- found version 4.7.0
[1.855s] -- Looking for ignition-math6 -- found version 6.15.1
[1.856s] -- Looking for ignition-msgs8 -- found version 8.7.0
[1.858s] -- Looking for ignition-gui6 -- found version 6.8.0
[1.859s] -- Searching for dependencies of ignition-gui6
[1.881s] -- Looking for ignition-math6 -- found version 6.15.1
[1.882s] -- Looking for ignition-common4 -- found version 4.7.0
[1.882s] -- Looking for ignition-plugin1 -- found version 1.4.0
[1.883s] -- Looking for ignition-transport11 -- found version 11.4.1
[1.885s] -- Looking for ignition-rendering6 -- found version 6.6.3
[1.885s] -- Searching for dependencies of ignition-rendering6
[1.886s] -- Looking for ignition-math6 -- found version 6.15.1
[1.886s] -- Searching for dependencies of ignition-math6
[1.887s] -- Searching for <ignition-math6> component [eigen3]
[1.888s] -- Looking for ignition-math6-eigen3 -- found version 6.15.1
[1.889s] -- Searching for dependencies of ignition-math6-eigen3
[1.896s] -- Looking for ignition-common4 -- found version 4.7.0
[1.896s] -- Searching for dependencies of ignition-common4
[1.897s] -- Looking for dlfcn.h - found
[1.897s] -- Looking for libdl - found
[1.906s] -- Searching for <ignition-common4> component [graphics]
[1.907s] -- Looking for ignition-common4-graphics -- found version 4.7.0
[1.908s] -- Searching for dependencies of ignition-common4-graphics
[1.908s] -- Looking for ignition-math6 -- found version 6.15.1
[1.909s] -- Looking for ignition-utils1 -- found version 1.5.1
[1.910s] -- Searching for <ignition-common4> component [events]
[1.911s] -- Looking for ignition-plugin1 -- found version 1.4.0
[1.911s] -- Searching for dependencies of ignition-plugin1
[1.911s] -- Searching for <ignition-plugin1> component [all]
[1.913s] -- Looking for all libraries of ignition-plugin1 -- found version 1.4.0
[1.914s] -- Looking for ignition-plugin1 -- found version 1.4.0
[1.916s] -- Looking for ignition-msgs8 -- found version 8.7.0
[1.960s] -- Looking for ignition-physics5 -- found version 5.3.2
[1.960s] -- Searching for dependencies of ignition-physics5
[1.960s] -- Looking for ignition-math6 -- found version 6.15.1
[1.961s] -- Looking for ignition-plugin1 -- found version 1.4.0
[1.961s] -- Looking for ignition-utils1 -- found version 1.5.1
[1.962s] -- Searching for <ignition-physics5> component [heightmap]
[1.965s] -- Looking for ignition-physics5-heightmap -- found version 5.3.2
[1.965s] -- Searching for dependencies of ignition-physics5-heightmap
[1.966s] -- Looking for ignition-common4 -- found version 4.7.0
[1.967s] -- Searching for <ignition-physics5> component [mesh]
[1.968s] -- Looking for ignition-physics5-mesh -- found version 5.3.2
[1.969s] -- Searching for dependencies of ignition-physics5-mesh
[1.969s] -- Looking for ignition-common4 -- found version 4.7.0
[1.970s] -- Searching for <ignition-physics5> component [sdf]
[1.971s] -- Looking for ignition-physics5-sdf -- found version 5.3.2
[1.972s] -- Searching for dependencies of ignition-physics5-sdf
[1.972s] -- Looking for sdformat12 -- found version 12.8.0
[1.974s] -- Looking for ignition-sensors6 -- found version 6.8.1
[1.974s] -- Searching for dependencies of ignition-sensors6
[1.990s] -- Found Protobuf: /usr/lib/x86_64-linux-gnu/libprotobuf.so (found version "3.12.4") 
[1.991s] -- Looking for ignition-math6 -- found version 6.15.1
[1.991s] -- Looking for ignition-common4 -- found version 4.7.0
[1.992s] -- Looking for ignition-transport11 -- found version 11.4.1
[1.992s] -- Looking for ignition-rendering6 -- found version 6.6.3
[1.993s] -- Looking for ignition-msgs8 -- found version 8.7.0
[1.993s] -- Looking for sdformat12 -- found version 12.8.0
[1.994s] -- Searching for <ignition-sensors6> component [air_pressure]
[1.996s] -- Looking for ignition-sensors6-air_pressure -- found version 6.8.1
[1.996s] -- Searching for dependencies of ignition-sensors6-air_pressure
[1.997s] -- Searching for <ignition-sensors6> component [altimeter]
[1.998s] -- Looking for ignition-sensors6-altimeter -- found version 6.8.1
[1.999s] -- Searching for dependencies of ignition-sensors6-altimeter
[1.999s] -- Searching for <ignition-sensors6> component [imu]
[2.001s] -- Looking for ignition-sensors6-imu -- found version 6.8.1
[2.001s] -- Searching for dependencies of ignition-sensors6-imu
[2.002s] -- Searching for <ignition-sensors6> component [force_torque]
[2.003s] -- Looking for ignition-sensors6-force_torque -- found version 6.8.1
[2.004s] -- Searching for dependencies of ignition-sensors6-force_torque
[2.004s] -- Searching for <ignition-sensors6> component [logical_camera]
[2.006s] -- Looking for ignition-sensors6-logical_camera -- found version 6.8.1
[2.007s] -- Searching for dependencies of ignition-sensors6-logical_camera
[2.007s] -- Searching for <ignition-sensors6> component [magnetometer]
[2.009s] -- Looking for ignition-sensors6-magnetometer -- found version 6.8.1
[2.010s] -- Searching for dependencies of ignition-sensors6-magnetometer
[2.010s] -- Searching for <ignition-sensors6> component [navsat]
[2.012s] -- Looking for ignition-sensors6-navsat -- found version 6.8.1
[2.012s] -- Searching for dependencies of ignition-sensors6-navsat
[2.013s] -- Searching for <ignition-sensors6> component [rendering]
[2.015s] -- Looking for ignition-sensors6-rendering -- found version 6.8.1
[2.016s] -- Searching for dependencies of ignition-sensors6-rendering
[2.016s] -- Searching for <ignition-sensors6> component [lidar]
[2.018s] -- Looking for ignition-sensors6-lidar -- found version 6.8.1
[2.018s] -- Searching for dependencies of ignition-sensors6-lidar
[2.018s] -- Looking for ignition-sensors6 -- found version 6.8.1
[2.019s] -- Searching for <ignition-sensors6> component [gpu_lidar]
[2.021s] -- Looking for ignition-sensors6-gpu_lidar -- found version 6.8.1
[2.021s] -- Searching for dependencies of ignition-sensors6-gpu_lidar
[2.021s] -- Looking for ignition-sensors6 -- found version 6.8.1
[2.022s] -- Searching for <ignition-sensors6> component [camera]
[2.024s] -- Looking for ignition-sensors6-camera -- found version 6.8.1
[2.024s] -- Searching for dependencies of ignition-sensors6-camera
[2.024s] -- Looking for ignition-sensors6 -- found version 6.8.1
[2.025s] -- Searching for <ignition-sensors6> component [boundingbox_camera]
[2.026s] -- Looking for ignition-sensors6-boundingbox_camera -- found version 6.8.1
[2.027s] -- Searching for dependencies of ignition-sensors6-boundingbox_camera
[2.027s] -- Searching for <ignition-sensors6> component [segmentation_camera]
[2.029s] -- Looking for ignition-sensors6-segmentation_camera -- found version 6.8.1
[2.029s] -- Searching for dependencies of ignition-sensors6-segmentation_camera
[2.030s] -- Searching for <ignition-sensors6> component [depth_camera]
[2.031s] -- Looking for ignition-sensors6-depth_camera -- found version 6.8.1
[2.032s] -- Searching for dependencies of ignition-sensors6-depth_camera
[2.032s] -- Looking for ignition-sensors6 -- found version 6.8.1
[2.033s] -- Searching for <ignition-sensors6> component [rgbd_camera]
[2.036s] -- Looking for ignition-sensors6-rgbd_camera -- found version 6.8.1
[2.036s] -- Searching for dependencies of ignition-sensors6-rgbd_camera
[2.036s] -- Looking for ignition-sensors6 -- found version 6.8.1
[2.037s] -- Searching for <ignition-sensors6> component [thermal_camera]
[2.039s] -- Looking for ignition-sensors6-thermal_camera -- found version 6.8.1
[2.040s] -- Searching for dependencies of ignition-sensors6-thermal_camera
[2.040s] -- Looking for ignition-sensors6 -- found version 6.8.1
[2.042s] -- Looking for ignition-rendering6 -- found version 6.6.3
[2.042s] -- Looking for ignition-math6 -- found version 6.15.1
[2.044s] -- Looking for ignition-utils1 -- found version 1.5.1
[2.062s] -- Compiling against Gazebo fortress
[2.062s] -- Looking for ignition-plugin1 -- found version 1.4.0
[2.109s] -- Found ament_lint_auto: 0.12.12 (/opt/ros/humble/share/ament_lint_auto/cmake)
[2.213s] -- Added test 'copyright' to check source files copyright and LICENSE
[2.215s] -- Added test 'cppcheck' to perform static code analysis on C / C++ code
[2.215s] -- Configured cppcheck include dirs: /home/bob/exo_ws/src/gz_ros2_control/gz_ros2_control/include
[2.215s] -- Configured cppcheck exclude dirs and/or files: 
[2.216s] -- Added test 'cpplint' to check C / C++ code against the Google style
[2.216s] -- Configured cpplint exclude dirs and/or files: 
[2.217s] -- Added test 'lint_cmake' to check CMake code style
[2.218s] -- Added test 'uncrustify' to check C / C++ code style
[2.218s] -- Configured uncrustify additional arguments: 
[2.219s] -- Added test 'xmllint' to check XML markup files
[2.222s] -- Configuring done
[2.309s] -- Generating done
[2.321s] -- Build files have been written to: /home/bob/exo_ws/build/gz_ros2_control
[2.337s] Invoked command in '/home/bob/exo_ws/build/gz_ros2_control' returned '0': CMAKE_PREFIX_PATH=${CMAKE_PREFIX_PATH}:/opt/ros/humble /usr/bin/cmake /home/bob/exo_ws/src/gz_ros2_control/gz_ros2_control -DAMENT_CMAKE_SYMLINK_INSTALL=1 -DCMAKE_INSTALL_PREFIX=/home/bob/exo_ws/install/gz_ros2_control
[2.339s] Invoking command in '/home/bob/exo_ws/build/gz_ros2_control': CMAKE_PREFIX_PATH=${CMAKE_PREFIX_PATH}:/opt/ros/humble /usr/bin/cmake --build /home/bob/exo_ws/build/gz_ros2_control -- -j8 -l8
[2.385s] [ 50%] [32mBuilding CXX object CMakeFiles/gz_hardware_plugins.dir/src/gz_system.cpp.o[0m
[2.385s] [ 50%] [32mBuilding CXX object CMakeFiles/ign_ros2_control-system.dir/src/gz_ros2_control_plugin.cpp.o[0m
[2.385s] [ 50%] [32mBuilding CXX object CMakeFiles/gz_ros2_control-system.dir/src/gz_ros2_control_plugin.cpp.o[0m
[14.986s] [ 66%] [32m[1mLinking CXX shared library libgz_hardware_plugins.so[0m
[15.411s] [ 83%] [32m[1mLinking CXX shared library libgz_ros2_control-system.so[0m
[15.480s] [100%] [32m[1mLinking CXX shared library libign_ros2_control-system.so[0m
[15.698s] [100%] Built target gz_hardware_plugins
[16.467s] [100%] Built target gz_ros2_control-system
[16.527s] [100%] Built target ign_ros2_control-system
[16.536s] Invoked command in '/home/bob/exo_ws/build/gz_ros2_control' returned '0': CMAKE_PREFIX_PATH=${CMAKE_PREFIX_PATH}:/opt/ros/humble /usr/bin/cmake --build /home/bob/exo_ws/build/gz_ros2_control -- -j8 -l8
[16.544s] Invoking command in '/home/bob/exo_ws/build/gz_ros2_control': CMAKE_PREFIX_PATH=${CMAKE_PREFIX_PATH}:/opt/ros/humble /usr/bin/cmake --install /home/bob/exo_ws/build/gz_ros2_control
[16.550s] -- Install configuration: ""
[16.550s] -- Execute custom install script
[16.550s] -- Symlinking: /home/bob/exo_ws/install/gz_ros2_control/lib/libgz_hardware_plugins.so
[16.557s] -- Symlinking: /home/bob/exo_ws/install/gz_ros2_control/include/gz_ros2_control/gz_ros2_control_plugin.hpp
[16.564s] -- Symlinking: /home/bob/exo_ws/install/gz_ros2_control/include/gz_ros2_control/gz_system.hpp
[16.570s] -- Symlinking: /home/bob/exo_ws/install/gz_ros2_control/include/gz_ros2_control/gz_system_interface.hpp
[16.578s] -- Symlinking: /home/bob/exo_ws/install/gz_ros2_control/share/gz_ros2_control/environment/library_path.sh
[16.585s] -- Symlinking: /home/bob/exo_ws/install/gz_ros2_control/share/gz_ros2_control/environment/library_path.dsv
[16.592s] -- Symlinking: /home/bob/exo_ws/install/gz_ros2_control/lib/libgz_ros2_control-system.so
[16.599s] -- Symlinking: /home/bob/exo_ws/install/gz_ros2_control/lib/libign_ros2_control-system.so
[16.605s] -- Symlinking: /home/bob/exo_ws/install/gz_ros2_control/share/gz_ros2_control//gz_hardware_plugins.xml
[16.612s] -- Symlinking: /home/bob/exo_ws/install/gz_ros2_control/share/ament_index/resource_index/package_run_dependencies/gz_ros2_control
[16.619s] -- Symlinking: /home/bob/exo_ws/install/gz_ros2_control/share/ament_index/resource_index/parent_prefix_path/gz_ros2_control
[16.626s] -- Symlinking: /home/bob/exo_ws/install/gz_ros2_control/share/gz_ros2_control/environment/ament_prefix_path.sh
[16.633s] -- Symlinking: /home/bob/exo_ws/install/gz_ros2_control/share/gz_ros2_control/environment/ament_prefix_path.dsv
[16.640s] -- Symlinking: /home/bob/exo_ws/install/gz_ros2_control/share/gz_ros2_control/environment/path.sh
[16.646s] -- Symlinking: /home/bob/exo_ws/install/gz_ros2_control/share/gz_ros2_control/environment/path.dsv
[16.653s] -- Symlinking: /home/bob/exo_ws/install/gz_ros2_control/share/gz_ros2_control/local_setup.bash
[16.660s] -- Symlinking: /home/bob/exo_ws/install/gz_ros2_control/share/gz_ros2_control/local_setup.sh
[16.666s] -- Symlinking: /home/bob/exo_ws/install/gz_ros2_control/share/gz_ros2_control/local_setup.zsh
[16.673s] -- Symlinking: /home/bob/exo_ws/install/gz_ros2_control/share/gz_ros2_control/local_setup.dsv
[16.681s] -- Symlinking: /home/bob/exo_ws/install/gz_ros2_control/share/gz_ros2_control/package.dsv
[16.688s] -- Symlinking: /home/bob/exo_ws/install/gz_ros2_control/share/ament_index/resource_index/packages/gz_ros2_control
[16.695s] -- Symlinking: /home/bob/exo_ws/install/gz_ros2_control/share/ament_index/resource_index/gz_ros2_control__pluginlib__plugin/gz_ros2_control
[16.702s] -- Symlinking: /home/bob/exo_ws/install/gz_ros2_control/share/gz_ros2_control/cmake/ament_cmake_export_include_directories-extras.cmake
[16.709s] -- Symlinking: /home/bob/exo_ws/install/gz_ros2_control/share/gz_ros2_control/cmake/ament_cmake_export_libraries-extras.cmake
[16.716s] -- Symlinking: /home/bob/exo_ws/install/gz_ros2_control/share/gz_ros2_control/cmake/gz_ros2_controlConfig.cmake
[16.723s] -- Symlinking: /home/bob/exo_ws/install/gz_ros2_control/share/gz_ros2_control/cmake/gz_ros2_controlConfig-version.cmake
[16.730s] -- Symlinking: /home/bob/exo_ws/install/gz_ros2_control/share/gz_ros2_control/package.xml
[16.738s] Invoked command in '/home/bob/exo_ws/build/gz_ros2_control' returned '0': CMAKE_PREFIX_PATH=${CMAKE_PREFIX_PATH}:/opt/ros/humble /usr/bin/cmake --install /home/bob/exo_ws/build/gz_ros2_control
