[0.049s] Invoking command in '/home/bob/exo_ws/build/exo_urdf': CMAKE_PREFIX_PATH=${CMAKE_PREFIX_PATH}:/opt/ros/humble /usr/bin/cmake --build /home/bob/exo_ws/build/exo_urdf -- -j8 -l8
[0.202s] Invoked command in '/home/bob/exo_ws/build/exo_urdf' returned '0': CMAKE_PREFIX_PATH=${CMAKE_PREFIX_PATH}:/opt/ros/humble /usr/bin/cmake --build /home/bob/exo_ws/build/exo_urdf -- -j8 -l8
[0.246s] Invoking command in '/home/bob/exo_ws/build/exo_urdf': CMAKE_PREFIX_PATH=${CMAKE_PREFIX_PATH}:/opt/ros/humble /usr/bin/cmake --install /home/bob/exo_ws/build/exo_urdf
[0.277s] -- Install configuration: ""
[0.279s] -- Execute custom install script
[0.281s] -- Up-to-date symlink: /home/bob/exo_ws/install/exo_urdf/share/exo_urdf/urdf/exo.urdf
[0.282s] -- Up-to-date symlink: /home/bob/exo_ws/install/exo_urdf/share/exo_urdf/urdf/exo.urdfdir
[0.282s] -- Up-to-date symlink: /home/bob/exo_ws/install/exo_urdf/share/exo_urdf/urdf/exo.xacro
[0.284s] -- Up-to-date symlink: /home/bob/exo_ws/install/exo_urdf/share/exo_urdf/launch/display.launch.py
[0.284s] -- Up-to-date symlink: /home/bob/exo_ws/install/exo_urdf/share/exo_urdf/launch/test.launch.py
[0.285s] -- Up-to-date symlink: /home/bob/exo_ws/install/exo_urdf/share/exo_urdf/rviz/urdf.rviz
[0.286s] -- Up-to-date symlink: /home/bob/exo_ws/install/exo_urdf/share/ament_index/resource_index/package_run_dependencies/exo_urdf
[0.287s] -- Up-to-date symlink: /home/bob/exo_ws/install/exo_urdf/share/ament_index/resource_index/parent_prefix_path/exo_urdf
[0.288s] -- Up-to-date symlink: /home/bob/exo_ws/install/exo_urdf/share/exo_urdf/environment/ament_prefix_path.sh
[0.289s] -- Up-to-date symlink: /home/bob/exo_ws/install/exo_urdf/share/exo_urdf/environment/ament_prefix_path.dsv
[0.289s] -- Up-to-date symlink: /home/bob/exo_ws/install/exo_urdf/share/exo_urdf/environment/path.sh
[0.290s] -- Up-to-date symlink: /home/bob/exo_ws/install/exo_urdf/share/exo_urdf/environment/path.dsv
[0.291s] -- Up-to-date symlink: /home/bob/exo_ws/install/exo_urdf/share/exo_urdf/local_setup.bash
[0.292s] -- Up-to-date symlink: /home/bob/exo_ws/install/exo_urdf/share/exo_urdf/local_setup.sh
[0.293s] -- Up-to-date symlink: /home/bob/exo_ws/install/exo_urdf/share/exo_urdf/local_setup.zsh
[0.293s] -- Up-to-date symlink: /home/bob/exo_ws/install/exo_urdf/share/exo_urdf/local_setup.dsv
[0.294s] -- Symlinking: /home/bob/exo_ws/install/exo_urdf/share/exo_urdf/package.dsv
[0.329s] -- Up-to-date symlink: /home/bob/exo_ws/install/exo_urdf/share/ament_index/resource_index/packages/exo_urdf
[0.330s] -- Up-to-date symlink: /home/bob/exo_ws/install/exo_urdf/share/exo_urdf/cmake/exo_urdfConfig.cmake
[0.330s] -- Up-to-date symlink: /home/bob/exo_ws/install/exo_urdf/share/exo_urdf/cmake/exo_urdfConfig-version.cmake
[0.331s] -- Up-to-date symlink: /home/bob/exo_ws/install/exo_urdf/share/exo_urdf/package.xml
[0.341s] Invoked command in '/home/bob/exo_ws/build/exo_urdf' returned '0': CMAKE_PREFIX_PATH=${CMAKE_PREFIX_PATH}:/opt/ros/humble /usr/bin/cmake --install /home/bob/exo_ws/build/exo_urdf
