[0.009s] Invoking command in '/home/bob/exo_ws/build/exo_urdf': CMAKE_PREFIX_PATH=${CMAKE_PREFIX_PATH}:/opt/ros/humble /usr/bin/cmake --build /home/bob/exo_ws/build/exo_urdf -- -j8 -l8
[0.033s] -- Found ament_cmake: 1.3.11 (/opt/ros/humble/share/ament_cmake/cmake)
[0.142s] -- Override CMake install command with custom implementation using symlinks instead of copying resources
[0.150s] -- Found robot_state_publisher: 3.0.3 (/opt/ros/humble/share/robot_state_publisher/cmake)
[0.173s] -- Found rosidl_generator_c: 3.1.6 (/opt/ros/humble/share/rosidl_generator_c/cmake)
[0.176s] -- Found rosidl_adapter: 3.1.6 (/opt/ros/humble/share/rosidl_adapter/cmake)
[0.182s] -- Found rosidl_generator_cpp: 3.1.6 (/opt/ros/humble/share/rosidl_generator_cpp/cmake)
[0.191s] -- Using all available rosidl_typesupport_c: rosidl_typesupport_fastrtps_c;rosidl_typesupport_introspection_c
[0.203s] -- Using all available rosidl_typesupport_cpp: rosidl_typesupport_fastrtps_cpp;rosidl_typesupport_introspection_cpp
[0.240s] -- Found eigen3_cmake_module: 0.1.1 (/opt/ros/humble/share/eigen3_cmake_module/cmake)
[0.241s] -- Ensuring Eigen3 include directory is part of orocos-kdl CMake target
[0.267s] -- Found rmw_implementation_cmake: 6.1.2 (/opt/ros/humble/share/rmw_implementation_cmake/cmake)
[0.269s] -- Found rmw_fastrtps_cpp: 6.2.7 (/opt/ros/humble/share/rmw_fastrtps_cpp/cmake)
[0.356s] -- Using RMW implementation 'rmw_fastrtps_cpp' as default
[0.506s] -- Found rviz2: 11.2.16 (/opt/ros/humble/share/rviz2/cmake)
[0.506s] -- Found xacro: 2.0.13 (/opt/ros/humble/share/xacro/cmake)
[0.567s] -- Configuring done
[0.572s] -- Generating done
[0.575s] -- Build files have been written to: /home/bob/exo_ws/build/exo_urdf
[0.597s] Invoked command in '/home/bob/exo_ws/build/exo_urdf' returned '0': CMAKE_PREFIX_PATH=${CMAKE_PREFIX_PATH}:/opt/ros/humble /usr/bin/cmake --build /home/bob/exo_ws/build/exo_urdf -- -j8 -l8
[0.606s] Invoking command in '/home/bob/exo_ws/build/exo_urdf': CMAKE_PREFIX_PATH=${CMAKE_PREFIX_PATH}:/opt/ros/humble /usr/bin/cmake --install /home/bob/exo_ws/build/exo_urdf
[0.612s] -- Install configuration: ""
[0.612s] -- Execute custom install script
[0.613s] -- Up-to-date symlink: /home/bob/exo_ws/install/exo_urdf/share/exo_urdf/urdf/exo.urdf.xacro
[0.613s] -- Up-to-date symlink: /home/bob/exo_ws/install/exo_urdf/share/exo_urdf/launch/display.launch.py
[0.613s] -- Up-to-date symlink: /home/bob/exo_ws/install/exo_urdf/share/exo_urdf/launch/test.launch copy.py
[0.613s] -- Up-to-date symlink: /home/bob/exo_ws/install/exo_urdf/share/exo_urdf/launch/test.launch.py
[0.613s] -- Up-to-date symlink: /home/bob/exo_ws/install/exo_urdf/share/exo_urdf/rviz/urdf.rviz
[0.613s] -- Up-to-date symlink: /home/bob/exo_ws/install/exo_urdf/share/ament_index/resource_index/package_run_dependencies/exo_urdf
[0.613s] -- Up-to-date symlink: /home/bob/exo_ws/install/exo_urdf/share/ament_index/resource_index/parent_prefix_path/exo_urdf
[0.613s] -- Up-to-date symlink: /home/bob/exo_ws/install/exo_urdf/share/exo_urdf/environment/ament_prefix_path.sh
[0.614s] -- Up-to-date symlink: /home/bob/exo_ws/install/exo_urdf/share/exo_urdf/environment/ament_prefix_path.dsv
[0.614s] -- Up-to-date symlink: /home/bob/exo_ws/install/exo_urdf/share/exo_urdf/environment/path.sh
[0.614s] -- Up-to-date symlink: /home/bob/exo_ws/install/exo_urdf/share/exo_urdf/environment/path.dsv
[0.614s] -- Up-to-date symlink: /home/bob/exo_ws/install/exo_urdf/share/exo_urdf/local_setup.bash
[0.614s] -- Up-to-date symlink: /home/bob/exo_ws/install/exo_urdf/share/exo_urdf/local_setup.sh
[0.614s] -- Up-to-date symlink: /home/bob/exo_ws/install/exo_urdf/share/exo_urdf/local_setup.zsh
[0.614s] -- Up-to-date symlink: /home/bob/exo_ws/install/exo_urdf/share/exo_urdf/local_setup.dsv
[0.615s] -- Symlinking: /home/bob/exo_ws/install/exo_urdf/share/exo_urdf/package.dsv
[0.622s] -- Up-to-date symlink: /home/bob/exo_ws/install/exo_urdf/share/ament_index/resource_index/packages/exo_urdf
[0.622s] -- Up-to-date symlink: /home/bob/exo_ws/install/exo_urdf/share/exo_urdf/cmake/exo_urdfConfig.cmake
[0.622s] -- Up-to-date symlink: /home/bob/exo_ws/install/exo_urdf/share/exo_urdf/cmake/exo_urdfConfig-version.cmake
[0.622s] -- Up-to-date symlink: /home/bob/exo_ws/install/exo_urdf/share/exo_urdf/package.xml
[0.624s] Invoked command in '/home/bob/exo_ws/build/exo_urdf' returned '0': CMAKE_PREFIX_PATH=${CMAKE_PREFIX_PATH}:/opt/ros/humble /usr/bin/cmake --install /home/bob/exo_ws/build/exo_urdf
