[0.113s] DEBUG:colcon:Command line arguments: ['/usr/bin/colcon', 'build', '--symlink-install', '--packages-select', 'exo_urdf']
[0.113s] DEBUG:colcon:Parsed command line arguments: Namespace(log_base=None, log_level=None, verb_name='build', build_base='build', install_base='install', merge_install=False, symlink_install=True, test_result_base=None, continue_on_error=False, executor='parallel', parallel_workers=8, event_handlers=None, ignore_user_meta=False, metas=['./colcon.meta'], base_paths=['.'], packages_ignore=None, packages_ignore_regex=None, paths=None, packages_up_to=None, packages_up_to_regex=None, packages_above=None, packages_above_and_dependencies=None, packages_above_depth=None, packages_select_by_dep=None, packages_skip_by_dep=None, packages_skip_up_to=None, packages_select_build_failed=False, packages_skip_build_finished=False, packages_select_test_failures=False, packages_skip_test_passed=False, packages_select=['exo_urdf'], packages_skip=None, packages_select_regex=None, packages_skip_regex=None, packages_start=None, packages_end=None, allow_overriding=[], cmake_args=None, cmake_target=None, cmake_target_skip_unavailable=False, cmake_clean_cache=False, cmake_clean_first=False, cmake_force_configure=False, ament_cmake_args=None, catkin_cmake_args=None, catkin_skip_building_tests=False, verb_parser=<colcon_defaults.argument_parser.defaults.DefaultArgumentsDecorator object at 0x7d1da242b7f0>, verb_extension=<colcon_core.verb.build.BuildVerb object at 0x7d1da2574b80>, main=<bound method BuildVerb.main of <colcon_core.verb.build.BuildVerb object at 0x7d1da2574b80>>)
[0.281s] Level 1:colcon.colcon_core.package_discovery:discover_packages(colcon_meta) check parameters
[0.281s] Level 1:colcon.colcon_core.package_discovery:discover_packages(recursive) check parameters
[0.281s] Level 1:colcon.colcon_core.package_discovery:discover_packages(ignore) check parameters
[0.281s] Level 1:colcon.colcon_core.package_discovery:discover_packages(path) check parameters
[0.281s] Level 1:colcon.colcon_core.package_discovery:discover_packages(colcon_meta) discover
[0.281s] Level 1:colcon.colcon_core.package_discovery:discover_packages(recursive) discover
[0.281s] INFO:colcon.colcon_core.package_discovery:Crawling recursively for packages in '/home/bob/exo_ws'
[0.281s] Level 1:colcon.colcon_core.package_identification:_identify(.) by extensions ['ignore', 'ignore_ament_install']
[0.281s] Level 1:colcon.colcon_core.package_identification:_identify(.) by extension 'ignore'
[0.281s] Level 1:colcon.colcon_core.package_identification:_identify(.) by extension 'ignore_ament_install'
[0.282s] Level 1:colcon.colcon_core.package_identification:_identify(.) by extensions ['colcon_pkg']
[0.282s] Level 1:colcon.colcon_core.package_identification:_identify(.) by extension 'colcon_pkg'
[0.282s] Level 1:colcon.colcon_core.package_identification:_identify(.) by extensions ['colcon_meta']
[0.282s] Level 1:colcon.colcon_core.package_identification:_identify(.) by extension 'colcon_meta'
[0.282s] Level 1:colcon.colcon_core.package_identification:_identify(.) by extensions ['ros']
[0.282s] Level 1:colcon.colcon_core.package_identification:_identify(.) by extension 'ros'
[0.293s] Level 1:colcon.colcon_core.package_identification:_identify(.) by extensions ['cmake', 'python']
[0.293s] Level 1:colcon.colcon_core.package_identification:_identify(.) by extension 'cmake'
[0.293s] Level 1:colcon.colcon_core.package_identification:_identify(.) by extension 'python'
[0.293s] Level 1:colcon.colcon_core.package_identification:_identify(.) by extensions ['python_setup_py']
[0.293s] Level 1:colcon.colcon_core.package_identification:_identify(.) by extension 'python_setup_py'
[0.294s] Level 1:colcon.colcon_core.package_identification:_identify(build) by extensions ['ignore', 'ignore_ament_install']
[0.294s] Level 1:colcon.colcon_core.package_identification:_identify(build) by extension 'ignore'
[0.294s] Level 1:colcon.colcon_core.package_identification:_identify(build) ignored
[0.294s] Level 1:colcon.colcon_core.package_identification:_identify(install) by extensions ['ignore', 'ignore_ament_install']
[0.294s] Level 1:colcon.colcon_core.package_identification:_identify(install) by extension 'ignore'
[0.294s] Level 1:colcon.colcon_core.package_identification:_identify(install) ignored
[0.294s] Level 1:colcon.colcon_core.package_identification:_identify(log) by extensions ['ignore', 'ignore_ament_install']
[0.294s] Level 1:colcon.colcon_core.package_identification:_identify(log) by extension 'ignore'
[0.294s] Level 1:colcon.colcon_core.package_identification:_identify(log) ignored
[0.294s] Level 1:colcon.colcon_core.package_identification:_identify(src) by extensions ['ignore', 'ignore_ament_install']
[0.295s] Level 1:colcon.colcon_core.package_identification:_identify(src) by extension 'ignore'
[0.295s] Level 1:colcon.colcon_core.package_identification:_identify(src) by extension 'ignore_ament_install'
[0.295s] Level 1:colcon.colcon_core.package_identification:_identify(src) by extensions ['colcon_pkg']
[0.295s] Level 1:colcon.colcon_core.package_identification:_identify(src) by extension 'colcon_pkg'
[0.295s] Level 1:colcon.colcon_core.package_identification:_identify(src) by extensions ['colcon_meta']
[0.295s] Level 1:colcon.colcon_core.package_identification:_identify(src) by extension 'colcon_meta'
[0.295s] Level 1:colcon.colcon_core.package_identification:_identify(src) by extensions ['ros']
[0.295s] Level 1:colcon.colcon_core.package_identification:_identify(src) by extension 'ros'
[0.295s] Level 1:colcon.colcon_core.package_identification:_identify(src) by extensions ['cmake', 'python']
[0.295s] Level 1:colcon.colcon_core.package_identification:_identify(src) by extension 'cmake'
[0.295s] Level 1:colcon.colcon_core.package_identification:_identify(src) by extension 'python'
[0.295s] Level 1:colcon.colcon_core.package_identification:_identify(src) by extensions ['python_setup_py']
[0.295s] Level 1:colcon.colcon_core.package_identification:_identify(src) by extension 'python_setup_py'
[0.295s] Level 1:colcon.colcon_core.package_identification:_identify(src/exo_urdf) by extensions ['ignore', 'ignore_ament_install']
[0.295s] Level 1:colcon.colcon_core.package_identification:_identify(src/exo_urdf) by extension 'ignore'
[0.295s] Level 1:colcon.colcon_core.package_identification:_identify(src/exo_urdf) by extension 'ignore_ament_install'
[0.295s] Level 1:colcon.colcon_core.package_identification:_identify(src/exo_urdf) by extensions ['colcon_pkg']
[0.295s] Level 1:colcon.colcon_core.package_identification:_identify(src/exo_urdf) by extension 'colcon_pkg'
[0.295s] Level 1:colcon.colcon_core.package_identification:_identify(src/exo_urdf) by extensions ['colcon_meta']
[0.295s] Level 1:colcon.colcon_core.package_identification:_identify(src/exo_urdf) by extension 'colcon_meta'
[0.296s] Level 1:colcon.colcon_core.package_identification:_identify(src/exo_urdf) by extensions ['ros']
[0.296s] Level 1:colcon.colcon_core.package_identification:_identify(src/exo_urdf) by extension 'ros'
[0.299s] DEBUG:colcon.colcon_core.package_identification:Package 'src/exo_urdf' with type 'ros.ament_cmake' and name 'exo_urdf'
[0.299s] Level 1:colcon.colcon_core.package_discovery:discover_packages(recursive) using defaults
[0.299s] Level 1:colcon.colcon_core.package_discovery:discover_packages(ignore) discover
[0.299s] Level 1:colcon.colcon_core.package_discovery:discover_packages(ignore) using defaults
[0.299s] Level 1:colcon.colcon_core.package_discovery:discover_packages(path) discover
[0.299s] Level 1:colcon.colcon_core.package_discovery:discover_packages(path) using defaults
[0.319s] Level 1:colcon.colcon_core.package_discovery:discover_packages(prefix_path) check parameters
[0.319s] Level 1:colcon.colcon_core.package_discovery:discover_packages(prefix_path) discover
[0.320s] DEBUG:colcon.colcon_installed_package_information.package_discovery:Found 1 installed packages in /home/bob/exo_ws/install
[0.322s] DEBUG:colcon.colcon_installed_package_information.package_discovery:Found 329 installed packages in /opt/ros/humble
[0.335s] Level 1:colcon.colcon_core.package_discovery:discover_packages(prefix_path) using defaults
[0.380s] Level 5:colcon.colcon_core.verb:set package 'exo_urdf' build argument 'cmake_args' from command line to 'None'
[0.380s] Level 5:colcon.colcon_core.verb:set package 'exo_urdf' build argument 'cmake_target' from command line to 'None'
[0.380s] Level 5:colcon.colcon_core.verb:set package 'exo_urdf' build argument 'cmake_target_skip_unavailable' from command line to 'False'
[0.380s] Level 5:colcon.colcon_core.verb:set package 'exo_urdf' build argument 'cmake_clean_cache' from command line to 'False'
[0.380s] Level 5:colcon.colcon_core.verb:set package 'exo_urdf' build argument 'cmake_clean_first' from command line to 'False'
[0.380s] Level 5:colcon.colcon_core.verb:set package 'exo_urdf' build argument 'cmake_force_configure' from command line to 'False'
[0.380s] Level 5:colcon.colcon_core.verb:set package 'exo_urdf' build argument 'ament_cmake_args' from command line to 'None'
[0.380s] Level 5:colcon.colcon_core.verb:set package 'exo_urdf' build argument 'catkin_cmake_args' from command line to 'None'
[0.380s] Level 5:colcon.colcon_core.verb:set package 'exo_urdf' build argument 'catkin_skip_building_tests' from command line to 'False'
[0.380s] DEBUG:colcon.colcon_core.verb:Building package 'exo_urdf' with the following arguments: {'ament_cmake_args': None, 'build_base': '/home/bob/exo_ws/build/exo_urdf', 'catkin_cmake_args': None, 'catkin_skip_building_tests': False, 'cmake_args': None, 'cmake_clean_cache': False, 'cmake_clean_first': False, 'cmake_force_configure': False, 'cmake_target': None, 'cmake_target_skip_unavailable': False, 'install_base': '/home/bob/exo_ws/install/exo_urdf', 'merge_install': False, 'path': '/home/bob/exo_ws/src/exo_urdf', 'symlink_install': True, 'test_result_base': None}
[0.381s] INFO:colcon.colcon_core.executor:Executing jobs using 'parallel' executor
[0.381s] DEBUG:colcon.colcon_parallel_executor.executor.parallel:run_until_complete
[0.382s] INFO:colcon.colcon_ros.task.ament_cmake.build:Building ROS package in '/home/bob/exo_ws/src/exo_urdf' with build type 'ament_cmake'
[0.382s] INFO:colcon.colcon_cmake.task.cmake.build:Building CMake package in '/home/bob/exo_ws/src/exo_urdf'
[0.383s] INFO:colcon.colcon_core.plugin_system:Skipping extension 'colcon_core.shell.bat': Not used on non-Windows systems
[0.384s] INFO:colcon.colcon_core.shell:Skip shell extension 'powershell' for command environment: Not usable outside of PowerShell
[0.384s] DEBUG:colcon.colcon_core.shell:Skip shell extension 'dsv' for command environment
[0.393s] DEBUG:colcon.colcon_core.event_handler.log_command:Invoking command in '/home/bob/exo_ws/build/exo_urdf': CMAKE_PREFIX_PATH=${CMAKE_PREFIX_PATH}:/opt/ros/humble /usr/bin/cmake --build /home/bob/exo_ws/build/exo_urdf -- -j8 -l8
[1.299s] DEBUG:colcon.colcon_core.event_handler.log_command:Invoked command in '/home/bob/exo_ws/build/exo_urdf' returned '0': CMAKE_PREFIX_PATH=${CMAKE_PREFIX_PATH}:/opt/ros/humble /usr/bin/cmake --build /home/bob/exo_ws/build/exo_urdf -- -j8 -l8
[1.309s] DEBUG:colcon.colcon_core.event_handler.log_command:Invoking command in '/home/bob/exo_ws/build/exo_urdf': CMAKE_PREFIX_PATH=${CMAKE_PREFIX_PATH}:/opt/ros/humble /usr/bin/cmake --install /home/bob/exo_ws/build/exo_urdf
[1.330s] Level 1:colcon.colcon_core.environment:create_environment_scripts_only(exo_urdf)
[1.331s] DEBUG:colcon.colcon_core.event_handler.log_command:Invoked command in '/home/bob/exo_ws/build/exo_urdf' returned '0': CMAKE_PREFIX_PATH=${CMAKE_PREFIX_PATH}:/opt/ros/humble /usr/bin/cmake --install /home/bob/exo_ws/build/exo_urdf
[1.333s] Level 1:colcon.colcon_core.environment:checking '/home/bob/exo_ws/install/exo_urdf' for CMake module files
[1.334s] Level 1:colcon.colcon_core.environment:checking '/home/bob/exo_ws/install/exo_urdf' for CMake config files
[1.334s] Level 1:colcon.colcon_core.shell:create_environment_hook('exo_urdf', 'cmake_prefix_path')
[1.335s] INFO:colcon.colcon_core.shell:Creating environment hook '/home/bob/exo_ws/install/exo_urdf/share/exo_urdf/hook/cmake_prefix_path.ps1'
[1.335s] INFO:colcon.colcon_core.shell:Creating environment descriptor '/home/bob/exo_ws/install/exo_urdf/share/exo_urdf/hook/cmake_prefix_path.dsv'
[1.336s] INFO:colcon.colcon_core.shell:Creating environment hook '/home/bob/exo_ws/install/exo_urdf/share/exo_urdf/hook/cmake_prefix_path.sh'
[1.337s] Level 1:colcon.colcon_core.environment:checking '/home/bob/exo_ws/install/exo_urdf/bin'
[1.337s] Level 1:colcon.colcon_core.environment:checking '/home/bob/exo_ws/install/exo_urdf/lib/pkgconfig/exo_urdf.pc'
[1.337s] Level 1:colcon.colcon_core.environment:checking '/home/bob/exo_ws/install/exo_urdf/lib/python3.10/site-packages'
[1.337s] Level 1:colcon.colcon_core.environment:checking '/home/bob/exo_ws/install/exo_urdf/bin'
[1.338s] INFO:colcon.colcon_core.shell:Creating package script '/home/bob/exo_ws/install/exo_urdf/share/exo_urdf/package.ps1'
[1.338s] INFO:colcon.colcon_core.shell:Creating package descriptor '/home/bob/exo_ws/install/exo_urdf/share/exo_urdf/package.dsv'
[1.339s] INFO:colcon.colcon_core.shell:Creating package script '/home/bob/exo_ws/install/exo_urdf/share/exo_urdf/package.sh'
[1.340s] INFO:colcon.colcon_core.shell:Creating package script '/home/bob/exo_ws/install/exo_urdf/share/exo_urdf/package.bash'
[1.340s] INFO:colcon.colcon_core.shell:Creating package script '/home/bob/exo_ws/install/exo_urdf/share/exo_urdf/package.zsh'
[1.341s] Level 1:colcon.colcon_core.environment:create_file_with_runtime_dependencies(/home/bob/exo_ws/install/exo_urdf/share/colcon-core/packages/exo_urdf)
[1.341s] Level 1:colcon.colcon_core.environment:create_environment_scripts_only(exo_urdf)
[1.342s] Level 1:colcon.colcon_core.environment:checking '/home/bob/exo_ws/install/exo_urdf' for CMake module files
[1.342s] Level 1:colcon.colcon_core.environment:checking '/home/bob/exo_ws/install/exo_urdf' for CMake config files
[1.342s] Level 1:colcon.colcon_core.shell:create_environment_hook('exo_urdf', 'cmake_prefix_path')
[1.343s] INFO:colcon.colcon_core.shell:Creating environment hook '/home/bob/exo_ws/install/exo_urdf/share/exo_urdf/hook/cmake_prefix_path.ps1'
[1.343s] INFO:colcon.colcon_core.shell:Creating environment descriptor '/home/bob/exo_ws/install/exo_urdf/share/exo_urdf/hook/cmake_prefix_path.dsv'
[1.343s] INFO:colcon.colcon_core.shell:Creating environment hook '/home/bob/exo_ws/install/exo_urdf/share/exo_urdf/hook/cmake_prefix_path.sh'
[1.344s] Level 1:colcon.colcon_core.environment:checking '/home/bob/exo_ws/install/exo_urdf/bin'
[1.344s] Level 1:colcon.colcon_core.environment:checking '/home/bob/exo_ws/install/exo_urdf/lib/pkgconfig/exo_urdf.pc'
[1.344s] Level 1:colcon.colcon_core.environment:checking '/home/bob/exo_ws/install/exo_urdf/lib/python3.10/site-packages'
[1.344s] Level 1:colcon.colcon_core.environment:checking '/home/bob/exo_ws/install/exo_urdf/bin'
[1.344s] INFO:colcon.colcon_core.shell:Creating package script '/home/bob/exo_ws/install/exo_urdf/share/exo_urdf/package.ps1'
[1.345s] INFO:colcon.colcon_core.shell:Creating package descriptor '/home/bob/exo_ws/install/exo_urdf/share/exo_urdf/package.dsv'
[1.345s] INFO:colcon.colcon_core.shell:Creating package script '/home/bob/exo_ws/install/exo_urdf/share/exo_urdf/package.sh'
[1.346s] INFO:colcon.colcon_core.shell:Creating package script '/home/bob/exo_ws/install/exo_urdf/share/exo_urdf/package.bash'
[1.347s] INFO:colcon.colcon_core.shell:Creating package script '/home/bob/exo_ws/install/exo_urdf/share/exo_urdf/package.zsh'
[1.347s] Level 1:colcon.colcon_core.environment:create_file_with_runtime_dependencies(/home/bob/exo_ws/install/exo_urdf/share/colcon-core/packages/exo_urdf)
[1.348s] DEBUG:colcon.colcon_parallel_executor.executor.parallel:closing loop
[1.348s] DEBUG:colcon.colcon_parallel_executor.executor.parallel:loop closed
[1.348s] DEBUG:colcon.colcon_parallel_executor.executor.parallel:run_until_complete finished with '0'
[1.348s] DEBUG:colcon.colcon_core.event_reactor:joining thread
[1.354s] INFO:colcon.colcon_core.plugin_system:Skipping extension 'colcon_notification.desktop_notification.terminal_notifier': Not used on non-Darwin systems
[1.354s] INFO:colcon.colcon_core.plugin_system:Skipping extension 'colcon_notification.desktop_notification.win32': Not used on non-Windows systems
[1.354s] INFO:colcon.colcon_notification.desktop_notification:Sending desktop notification using 'notify2'
[1.366s] DEBUG:colcon.colcon_core.event_reactor:joined thread
[1.366s] INFO:colcon.colcon_core.shell:Creating prefix script '/home/bob/exo_ws/install/local_setup.ps1'
[1.368s] INFO:colcon.colcon_core.shell:Creating prefix util module '/home/bob/exo_ws/install/_local_setup_util_ps1.py'
[1.370s] INFO:colcon.colcon_core.shell:Creating prefix chain script '/home/bob/exo_ws/install/setup.ps1'
[1.371s] INFO:colcon.colcon_core.shell:Creating prefix script '/home/bob/exo_ws/install/local_setup.sh'
[1.372s] INFO:colcon.colcon_core.shell:Creating prefix util module '/home/bob/exo_ws/install/_local_setup_util_sh.py'
[1.373s] INFO:colcon.colcon_core.shell:Creating prefix chain script '/home/bob/exo_ws/install/setup.sh'
[1.374s] INFO:colcon.colcon_core.shell:Creating prefix script '/home/bob/exo_ws/install/local_setup.bash'
[1.375s] INFO:colcon.colcon_core.shell:Creating prefix chain script '/home/bob/exo_ws/install/setup.bash'
[1.377s] INFO:colcon.colcon_core.shell:Creating prefix script '/home/bob/exo_ws/install/local_setup.zsh'
[1.378s] INFO:colcon.colcon_core.shell:Creating prefix chain script '/home/bob/exo_ws/install/setup.zsh'
